[32m05-21 20:41:49.785 [INFO] [                    a.m.r.RpnApplication: 50] - Starting RpnApplication on m.local with PID 18370 (/Users/mcgg/IdeaProjects/rpn/target/classes started by mcgg in /Users/mcgg/IdeaProjects/rpn)
[m[32m05-21 20:41:49.788 [INFO] [                    a.m.r.RpnApplication:659] - No active profile set, falling back to default profiles: default
[m[32m05-21 20:41:49.816 [INFO] [s.c.a.AnnotationConfigApplicationContext:590] - Refreshing org.springframework.context.annotation.AnnotationConfigApplicationContext@8be202b: startup date [Mon May 21 20:41:49 CST 2018]; root of context hierarchy
[m[32m05-21 20:41:50.422 [INFO] [      o.s.b.d.a.OptionalLiveReloadServer: 57] - LiveReload server is running on port 35729
[m[32m05-21 20:41:50.441 [INFO] [       o.s.j.e.a.AnnotationMBeanExporter:433] - Registering beans for JMX exposure on startup
[m[32m05-21 20:41:50.457 [INFO] [                    a.m.r.RpnApplication: 59] - Started RpnApplication in 0.831 seconds (JVM running for 6.543)
[m[32m05-21 20:42:01.987 [INFO] [                         a.m.r.a.Aspects: 30] - =============+[Start Calculating]+===============
[m[32m05-21 20:42:01.997 [INFO] [                         a.m.r.a.Aspects: 31] - [Aspect] : Calculator[stack]: 
[m[32m05-21 20:42:02.020 [INFO] [                         a.m.r.a.Aspects: 39] - stack: 32, 4, 5, 6, 1, 4, 5, 6, 5, 2, 1	 Detail: 1 Divide 34
[m[32m05-21 20:42:02.021 [INFO] [                         a.m.r.a.Aspects: 39] - stack: 32, 4, 5, 6, 1, 4, 5, 6, 5, 2	 Detail: 1 Divide 0.0294117647058824
[m[32m05-21 20:42:02.024 [INFO] [                         a.m.r.a.Aspects: 39] - stack: 32, 4, 5, 6, 1, 4, 5, 6, 5	 Detail: 2 Multiply 33.9999999999999
[m[32m05-21 20:42:02.025 [INFO] [                         a.m.r.a.Aspects: 39] - stack: 32, 4, 5, 6, 1, 4, 5, 6	 Detail: 5 Multiply 67.9999999999998
[m[32m05-21 20:42:02.028 [INFO] [                         a.m.r.a.Aspects: 39] - stack: 32, 4, 5, 6, 1, 4, 5, 6	 Detail: 339.9999999999990 Sqrt 
[m[32m05-21 20:42:02.029 [INFO] [                         a.m.r.a.Aspects: 46] - stack: 32, 4, 5, 6, 1, 4, 5, 6, 18.4390889145 Undo
[m[32m05-21 20:42:02.030 [INFO] [                         a.m.r.a.Aspects: 46] - stack: 32, 4, 5, 6, 1, 4, 5, 6, 339.9999999999 Undo
[m[32m05-21 20:42:02.033 [INFO] [                         a.m.r.a.Aspects: 39] - stack: 32, 4, 5, 6, 1, 4, 5, 6	 Detail: 5 Add 67.9999999999998
[m[32m05-21 20:42:02.035 [INFO] [                         a.m.r.a.Aspects: 39] - stack: 32, 4, 5, 6, 1, 4, 5	 Detail: 6 Subtract 72.9999999999998
[m[32m05-21 20:42:02.036 [INFO] [                         a.m.r.a.Aspects: 56] - result: 32, 4, 5, 6, 1, 4, 5, -67
[m[32m05-21 20:42:02.036 [INFO] [                         a.m.r.a.Aspects: 57] - =============+[Calculation Finished]+===============
[m[32m05-21 20:42:12.743 [INFO] [                         a.m.r.a.Aspects: 30] - =============+[Start Calculating]+===============
[m[32m05-21 20:42:12.743 [INFO] [                         a.m.r.a.Aspects: 31] - [Aspect] : Calculator[stack]: 32, 4, 5, 6, 1, 4, 5, -67
[m[32m05-21 20:42:12.744 [INFO] [                         a.m.r.a.Aspects: 46] - stack: 32, 4, 5, 6, 1, 4, 5, -67 Undo
[m[32m05-21 20:42:12.744 [INFO] [                         a.m.r.a.Aspects: 56] - result: 32, 4, 5, 6, 1, 4, 5, 6, 72.9999999999
[m[32m05-21 20:42:12.744 [INFO] [                         a.m.r.a.Aspects: 57] - =============+[Calculation Finished]+===============
[m[32m05-21 20:42:14.470 [INFO] [                         a.m.r.a.Aspects: 30] - =============+[Start Calculating]+===============
[m[32m05-21 20:42:14.471 [INFO] [                         a.m.r.a.Aspects: 31] - [Aspect] : Calculator[stack]: 32, 4, 5, 6, 1, 4, 5, 6, 72.9999999999
[m[32m05-21 20:42:14.471 [INFO] [                         a.m.r.a.Aspects: 46] - stack: 32, 4, 5, 6, 1, 4, 5, 6, 72.9999999999 Undo
[m[32m05-21 20:42:14.472 [INFO] [                         a.m.r.a.Aspects: 56] - result: 32, 4, 5, 6, 1, 4, 5, 6, 5, 67.9999999999
[m[32m05-21 20:42:14.472 [INFO] [                         a.m.r.a.Aspects: 57] - =============+[Calculation Finished]+===============
[m[32m05-21 20:42:15.566 [INFO] [                         a.m.r.a.Aspects: 30] - =============+[Start Calculating]+===============
[m[32m05-21 20:42:15.567 [INFO] [                         a.m.r.a.Aspects: 31] - [Aspect] : Calculator[stack]: 32, 4, 5, 6, 1, 4, 5, 6, 5, 67.9999999999
[m[32m05-21 20:42:15.567 [INFO] [                         a.m.r.a.Aspects: 46] - stack: 32, 4, 5, 6, 1, 4, 5, 6, 5, 67.9999999999 Undo
[m[32m05-21 20:42:15.568 [INFO] [                         a.m.r.a.Aspects: 56] - result: 32, 4, 5, 6, 1, 4, 5, 6, 5, 2, 33.9999999999
[m[32m05-21 20:42:15.568 [INFO] [                         a.m.r.a.Aspects: 57] - =============+[Calculation Finished]+===============
[m[32m05-21 20:42:18.750 [INFO] [                         a.m.r.a.Aspects: 30] - =============+[Start Calculating]+===============
[m[32m05-21 20:42:18.751 [INFO] [                         a.m.r.a.Aspects: 31] - [Aspect] : Calculator[stack]: 32, 4, 5, 6, 1, 4, 5, 6, 5, 2, 33.9999999999
[m[32m05-21 20:42:18.751 [INFO] [                         a.m.r.a.Aspects: 46] - stack: 32, 4, 5, 6, 1, 4, 5, 6, 5, 2, 33.9999999999 Undo
[m[32m05-21 20:42:18.752 [INFO] [                         a.m.r.a.Aspects: 56] - result: 32, 4, 5, 6, 1, 4, 5, 6, 5, 2, 1, 0.0294117647
[m[32m05-21 20:42:18.752 [INFO] [                         a.m.r.a.Aspects: 57] - =============+[Calculation Finished]+===============
[m[32m05-21 20:42:21.278 [INFO] [                         a.m.r.a.Aspects: 30] - =============+[Start Calculating]+===============
[m[32m05-21 20:42:21.278 [INFO] [                         a.m.r.a.Aspects: 31] - [Aspect] : Calculator[stack]: 32, 4, 5, 6, 1, 4, 5, 6, 5, 2, 1, 0.0294117647
[m[32m05-21 20:42:21.279 [INFO] [                         a.m.r.a.Aspects: 39] - stack: 32, 4, 5, 6, 1, 4, 5, 6, 5, 2	 Detail: 1 Add 0.0294117647058824
[m[32m05-21 20:42:21.280 [INFO] [                         a.m.r.a.Aspects: 56] - result: 32, 4, 5, 6, 1, 4, 5, 6, 5, 2, 1.0294117647
[m[32m05-21 20:42:21.280 [INFO] [                         a.m.r.a.Aspects: 57] - =============+[Calculation Finished]+===============
[m[32m05-21 20:42:22.358 [INFO] [                         a.m.r.a.Aspects: 30] - =============+[Start Calculating]+===============
[m[32m05-21 20:42:22.358 [INFO] [                         a.m.r.a.Aspects: 31] - [Aspect] : Calculator[stack]: 32, 4, 5, 6, 1, 4, 5, 6, 5, 2, 1.0294117647
[m[32m05-21 20:42:22.359 [INFO] [                         a.m.r.a.Aspects: 39] - stack: 32, 4, 5, 6, 1, 4, 5, 6, 5	 Detail: 2 Add 1.0294117647058824
[m[32m05-21 20:42:22.360 [INFO] [                         a.m.r.a.Aspects: 56] - result: 32, 4, 5, 6, 1, 4, 5, 6, 5, 3.0294117647
[m[32m05-21 20:42:22.360 [INFO] [                         a.m.r.a.Aspects: 57] - =============+[Calculation Finished]+===============
[m[32m05-21 20:42:23.142 [INFO] [                         a.m.r.a.Aspects: 30] - =============+[Start Calculating]+===============
[m[32m05-21 20:42:23.142 [INFO] [                         a.m.r.a.Aspects: 31] - [Aspect] : Calculator[stack]: 32, 4, 5, 6, 1, 4, 5, 6, 5, 3.0294117647
[m[32m05-21 20:42:23.143 [INFO] [                         a.m.r.a.Aspects: 39] - stack: 32, 4, 5, 6, 1, 4, 5, 6	 Detail: 5 Add 3.0294117647058824
[m[32m05-21 20:42:23.144 [INFO] [                         a.m.r.a.Aspects: 56] - result: 32, 4, 5, 6, 1, 4, 5, 6, 8.0294117647
[m[32m05-21 20:42:23.144 [INFO] [                         a.m.r.a.Aspects: 57] - =============+[Calculation Finished]+===============
[m[32m05-21 20:42:23.814 [INFO] [                         a.m.r.a.Aspects: 30] - =============+[Start Calculating]+===============
[m[32m05-21 20:42:23.814 [INFO] [                         a.m.r.a.Aspects: 31] - [Aspect] : Calculator[stack]: 32, 4, 5, 6, 1, 4, 5, 6, 8.0294117647
[m[32m05-21 20:42:23.815 [INFO] [                         a.m.r.a.Aspects: 39] - stack: 32, 4, 5, 6, 1, 4, 5	 Detail: 6 Add 8.0294117647058824
[m[32m05-21 20:42:23.815 [INFO] [                         a.m.r.a.Aspects: 56] - result: 32, 4, 5, 6, 1, 4, 5, 14.0294117647
[m[32m05-21 20:42:23.816 [INFO] [                         a.m.r.a.Aspects: 57] - =============+[Calculation Finished]+===============
[m[32m05-21 20:42:24.510 [INFO] [                         a.m.r.a.Aspects: 30] - =============+[Start Calculating]+===============
[m[32m05-21 20:42:24.510 [INFO] [                         a.m.r.a.Aspects: 31] - [Aspect] : Calculator[stack]: 32, 4, 5, 6, 1, 4, 5, 14.0294117647
[m[32m05-21 20:42:24.511 [INFO] [                         a.m.r.a.Aspects: 39] - stack: 32, 4, 5, 6, 1, 4	 Detail: 5 Add 14.0294117647058824
[m[32m05-21 20:42:24.511 [INFO] [                         a.m.r.a.Aspects: 56] - result: 32, 4, 5, 6, 1, 4, 19.0294117647
[m[32m05-21 20:42:24.511 [INFO] [                         a.m.r.a.Aspects: 57] - =============+[Calculation Finished]+===============
[m[32m05-21 20:42:25.149 [INFO] [                         a.m.r.a.Aspects: 30] - =============+[Start Calculating]+===============
[m[32m05-21 20:42:25.150 [INFO] [                         a.m.r.a.Aspects: 31] - [Aspect] : Calculator[stack]: 32, 4, 5, 6, 1, 4, 19.0294117647
[m[32m05-21 20:42:25.150 [INFO] [                         a.m.r.a.Aspects: 39] - stack: 32, 4, 5, 6, 1	 Detail: 4 Add 19.0294117647058824
[m[32m05-21 20:42:25.150 [INFO] [                         a.m.r.a.Aspects: 56] - result: 32, 4, 5, 6, 1, 23.0294117647
[m[32m05-21 20:42:25.151 [INFO] [                         a.m.r.a.Aspects: 57] - =============+[Calculation Finished]+===============
[m[32m05-21 20:42:25.830 [INFO] [                         a.m.r.a.Aspects: 30] - =============+[Start Calculating]+===============
[m[32m05-21 20:42:25.830 [INFO] [                         a.m.r.a.Aspects: 31] - [Aspect] : Calculator[stack]: 32, 4, 5, 6, 1, 23.0294117647
[m[32m05-21 20:42:25.831 [INFO] [                         a.m.r.a.Aspects: 39] - stack: 32, 4, 5, 6	 Detail: 1 Add 23.0294117647058824
[m[32m05-21 20:42:25.831 [INFO] [                         a.m.r.a.Aspects: 56] - result: 32, 4, 5, 6, 24.0294117647
[m[32m05-21 20:42:25.831 [INFO] [                         a.m.r.a.Aspects: 57] - =============+[Calculation Finished]+===============
[m[32m05-21 20:42:26.550 [INFO] [                         a.m.r.a.Aspects: 30] - =============+[Start Calculating]+===============
[m[32m05-21 20:42:26.550 [INFO] [                         a.m.r.a.Aspects: 31] - [Aspect] : Calculator[stack]: 32, 4, 5, 6, 24.0294117647
[m[32m05-21 20:42:26.551 [INFO] [                         a.m.r.a.Aspects: 39] - stack: 32, 4, 5	 Detail: 6 Add 24.0294117647058824
[m[32m05-21 20:42:26.551 [INFO] [                         a.m.r.a.Aspects: 56] - result: 32, 4, 5, 30.0294117647
[m[32m05-21 20:42:26.551 [INFO] [                         a.m.r.a.Aspects: 57] - =============+[Calculation Finished]+===============
[m[32m05-21 20:42:27.262 [INFO] [                         a.m.r.a.Aspects: 30] - =============+[Start Calculating]+===============
[m[32m05-21 20:42:27.262 [INFO] [                         a.m.r.a.Aspects: 31] - [Aspect] : Calculator[stack]: 32, 4, 5, 30.0294117647
[m[32m05-21 20:42:27.263 [INFO] [                         a.m.r.a.Aspects: 39] - stack: 32, 4	 Detail: 5 Add 30.0294117647058824
[m[32m05-21 20:42:27.263 [INFO] [                         a.m.r.a.Aspects: 56] - result: 32, 4, 35.0294117647
[m[32m05-21 20:42:27.264 [INFO] [                         a.m.r.a.Aspects: 57] - =============+[Calculation Finished]+===============
[m[32m05-21 20:42:27.918 [INFO] [                         a.m.r.a.Aspects: 30] - =============+[Start Calculating]+===============
[m[32m05-21 20:42:27.918 [INFO] [                         a.m.r.a.Aspects: 31] - [Aspect] : Calculator[stack]: 32, 4, 35.0294117647
[m[32m05-21 20:42:27.919 [INFO] [                         a.m.r.a.Aspects: 39] - stack: 32	 Detail: 4 Add 35.0294117647058824
[m[32m05-21 20:42:27.919 [INFO] [                         a.m.r.a.Aspects: 56] - result: 32, 39.0294117647
[m[32m05-21 20:42:27.919 [INFO] [                         a.m.r.a.Aspects: 57] - =============+[Calculation Finished]+===============
[m[32m05-21 20:42:28.582 [INFO] [                         a.m.r.a.Aspects: 30] - =============+[Start Calculating]+===============
[m[32m05-21 20:42:28.582 [INFO] [                         a.m.r.a.Aspects: 31] - [Aspect] : Calculator[stack]: 32, 39.0294117647
[m[32m05-21 20:42:28.583 [INFO] [                         a.m.r.a.Aspects: 39] - stack: 	 Detail: 32 Add 39.0294117647058824
[m[32m05-21 20:42:28.583 [INFO] [                         a.m.r.a.Aspects: 56] - result: 71.0294117647
[m[32m05-21 20:42:28.584 [INFO] [                         a.m.r.a.Aspects: 57] - =============+[Calculation Finished]+===============
[m[32m05-21 20:42:29.238 [INFO] [                         a.m.r.a.Aspects: 30] - =============+[Start Calculating]+===============
[m[32m05-21 20:42:29.238 [INFO] [                         a.m.r.a.Aspects: 31] - [Aspect] : Calculator[stack]: 71.0294117647
[m[32m05-21 20:42:29.239 [INFO] [                         a.m.r.a.Aspects: 56] - result: operator + (position: 74): insufficient operands
[m[32m05-21 20:42:29.239 [INFO] [                         a.m.r.a.Aspects: 57] - =============+[Calculation Finished]+===============
[m[32m05-21 20:45:24.335 [INFO] [s.c.a.AnnotationConfigApplicationContext:993] - Closing org.springframework.context.annotation.AnnotationConfigApplicationContext@8be202b: startup date [Mon May 21 20:41:49 CST 2018]; root of context hierarchy
[m[32m05-21 20:45:36.814 [INFO] [                    a.m.r.RpnApplication: 50] - Starting RpnApplication on m.local with PID 18448 (/Users/mcgg/IdeaProjects/rpn/target/classes started by mcgg in /Users/mcgg/IdeaProjects/rpn)
[m[32m05-21 20:45:36.817 [INFO] [                    a.m.r.RpnApplication:659] - No active profile set, falling back to default profiles: default
[m[32m05-21 20:45:36.847 [INFO] [s.c.a.AnnotationConfigApplicationContext:590] - Refreshing org.springframework.context.annotation.AnnotationConfigApplicationContext@4faded0f: startup date [Mon May 21 20:45:36 CST 2018]; root of context hierarchy
[m[32m05-21 20:45:37.468 [INFO] [      o.s.b.d.a.OptionalLiveReloadServer: 57] - LiveReload server is running on port 35729
[m[32m05-21 20:45:37.485 [INFO] [       o.s.j.e.a.AnnotationMBeanExporter:433] - Registering beans for JMX exposure on startup
[m[32m05-21 20:45:37.498 [INFO] [                    a.m.r.RpnApplication: 59] - Started RpnApplication in 0.848 seconds (JVM running for 6.622)
[m[32m05-21 20:45:44.996 [INFO] [                         a.m.r.a.Aspects: 31] - =============+[Start Calculating]+===============
[m[32m05-21 20:45:45.007 [INFO] [                         a.m.r.a.Aspects: 32] - [Aspect] : Calculator[stack]: 
[m[32m05-21 20:45:45.030 [INFO] [                         a.m.r.a.Aspects: 40] - stack: 1	 Detail: 2 Multiply 3
[m[32m05-21 20:45:45.034 [INFO] [                         a.m.r.a.Aspects: 40] - stack: 1	 Detail: 6 Add 5
[m[32m05-21 20:45:45.034 [INFO] [                         a.m.r.a.Aspects: 40] - stack: 	 Detail: 1 Multiply 11
[m[32m05-21 20:45:45.035 [INFO] [                         a.m.r.a.Aspects: 57] - result: operator * (position: 15): insufficient operands
[m[32m05-21 20:45:45.036 [INFO] [                         a.m.r.a.Aspects: 58] - =============+[Calculation Finished]+===============
[m[32m05-21 20:47:47.178 [INFO] [s.c.a.AnnotationConfigApplicationContext:993] - Closing org.springframework.context.annotation.AnnotationConfigApplicationContext@4faded0f: startup date [Mon May 21 20:45:36 CST 2018]; root of context hierarchy
[m[32m05-21 20:48:09.090 [INFO] [                    a.m.r.RpnApplication: 50] - Starting RpnApplication on m.local with PID 18509 (/Users/mcgg/IdeaProjects/rpn/target/classes started by mcgg in /Users/mcgg/IdeaProjects/rpn)
[m[32m05-21 20:48:09.093 [INFO] [                    a.m.r.RpnApplication:659] - No active profile set, falling back to default profiles: default
[m[32m05-21 20:48:09.120 [INFO] [s.c.a.AnnotationConfigApplicationContext:590] - Refreshing org.springframework.context.annotation.AnnotationConfigApplicationContext@457eebd8: startup date [Mon May 21 20:48:09 CST 2018]; root of context hierarchy
[m[32m05-21 20:48:09.747 [INFO] [      o.s.b.d.a.OptionalLiveReloadServer: 57] - LiveReload server is running on port 35729
[m[32m05-21 20:48:09.767 [INFO] [       o.s.j.e.a.AnnotationMBeanExporter:433] - Registering beans for JMX exposure on startup
[m[32m05-21 20:48:09.781 [INFO] [                    a.m.r.RpnApplication: 59] - Started RpnApplication in 0.849 seconds (JVM running for 6.546)
[m[32m05-21 20:48:12.096 [INFO] [                         a.m.r.a.Aspects: 31] - =============+[Start Calculating]+===============
[m[32m05-21 20:48:12.105 [INFO] [                         a.m.r.a.Aspects: 32] - [Aspect] : Calculator[stack]: 
[m[32m05-21 20:48:12.127 [INFO] [                         a.m.r.a.Aspects: 40] - stack: 1	 Detail: 2 Multiply 3
[m[32m05-21 20:48:12.131 [INFO] [                         a.m.r.a.Aspects: 40] - stack: 1	 Detail: 6 Add 5
[m[32m05-21 20:48:12.132 [INFO] [                         a.m.r.a.Aspects: 40] - stack: 	 Detail: 1 Multiply 11
[m[32m05-21 20:48:28.359 [INFO] [s.c.a.AnnotationConfigApplicationContext:993] - Closing org.springframework.context.annotation.AnnotationConfigApplicationContext@457eebd8: startup date [Mon May 21 20:48:09 CST 2018]; root of context hierarchy
[m[32m05-21 20:48:40.555 [INFO] [                    a.m.r.RpnApplication: 50] - Starting RpnApplication on m.local with PID 18533 (/Users/mcgg/IdeaProjects/rpn/target/classes started by mcgg in /Users/mcgg/IdeaProjects/rpn)
[m[32m05-21 20:48:40.558 [INFO] [                    a.m.r.RpnApplication:659] - No active profile set, falling back to default profiles: default
[m[32m05-21 20:48:40.589 [INFO] [s.c.a.AnnotationConfigApplicationContext:590] - Refreshing org.springframework.context.annotation.AnnotationConfigApplicationContext@faa4adf: startup date [Mon May 21 20:48:40 CST 2018]; root of context hierarchy
[m[32m05-21 20:48:41.209 [INFO] [      o.s.b.d.a.OptionalLiveReloadServer: 57] - LiveReload server is running on port 35729
[m[32m05-21 20:48:41.228 [INFO] [       o.s.j.e.a.AnnotationMBeanExporter:433] - Registering beans for JMX exposure on startup
[m[32m05-21 20:48:41.241 [INFO] [                    a.m.r.RpnApplication: 59] - Started RpnApplication in 0.842 seconds (JVM running for 6.57)
[m[32m05-21 20:48:47.246 [INFO] [                         a.m.r.a.Aspects: 31] - =============+[Start Calculating]+===============
[m[32m05-21 20:48:47.256 [INFO] [                         a.m.r.a.Aspects: 32] - [Aspect] : Calculator[stack]: 
[m[32m05-21 20:48:47.278 [INFO] [                         a.m.r.a.Aspects: 40] - stack: 1	 Detail: 2 Multiply 3
[m[32m05-21 20:48:47.281 [INFO] [                         a.m.r.a.Aspects: 40] - stack: 1	 Detail: 6 Add 5
[m[32m05-21 20:48:47.281 [INFO] [                         a.m.r.a.Aspects: 40] - stack: 	 Detail: 1 Multiply 11
[m[32m05-21 20:48:47.284 [INFO] [ConditionEvaluationReportLoggingListener:101] - 

Error starting ApplicationContext. To display the conditions report re-run your application with 'debug' enabled.
[m[31m05-21 20:48:47.290 [ERROR] [                 o.s.b.SpringApplication:842] - Application run failed
[m java.lang.IllegalStateException: Failed to execute CommandLineRunner
	at org.springframework.boot.SpringApplication.callRunner(SpringApplication.java:800) [spring-boot-2.0.2.RELEASE.jar:2.0.2.RELEASE]
	at org.springframework.boot.SpringApplication.callRunners(SpringApplication.java:781) [spring-boot-2.0.2.RELEASE.jar:2.0.2.RELEASE]
	at org.springframework.boot.SpringApplication.run(SpringApplication.java:335) [spring-boot-2.0.2.RELEASE.jar:2.0.2.RELEASE]
	at org.springframework.boot.SpringApplication.run(SpringApplication.java:1255) [spring-boot-2.0.2.RELEASE.jar:2.0.2.RELEASE]
	at org.springframework.boot.SpringApplication.run(SpringApplication.java:1243) [spring-boot-2.0.2.RELEASE.jar:2.0.2.RELEASE]
	at app.mcgg.rpn.RpnApplication.main(RpnApplication.java:18) [classes/:?]
	at jdk.internal.reflect.NativeMethodAccessorImpl.invoke0(Native Method) ~[?:?]
	at jdk.internal.reflect.NativeMethodAccessorImpl.invoke(NativeMethodAccessorImpl.java:62) ~[?:?]
	at jdk.internal.reflect.DelegatingMethodAccessorImpl.invoke(DelegatingMethodAccessorImpl.java:43) ~[?:?]
	at java.lang.reflect.Method.invoke(Method.java:564) ~[?:?]
	at org.springframework.boot.devtools.restart.RestartLauncher.run(RestartLauncher.java:49) [spring-boot-devtools-2.0.2.RELEASE.jar:2.0.2.RELEASE]
Caused by: app.mcgg.rpn.exception.CalculatorException: operator * (position: 15): insufficient operands
	at app.mcgg.rpn.Calculator.processOperator(Calculator.java:60) ~[classes/:?]
	at app.mcgg.rpn.Calculator.processElement(Calculator.java:80) ~[classes/:?]
	at app.mcgg.rpn.Calculator.eval(Calculator.java:91) ~[classes/:?]
	at app.mcgg.rpn.Calculator$$FastClassBySpringCGLIB$$3b317a8b.invoke(<generated>) ~[classes/:?]
	at org.springframework.cglib.proxy.MethodProxy.invoke(MethodProxy.java:204) ~[spring-core-5.0.6.RELEASE.jar:5.0.6.RELEASE]
	at org.springframework.aop.framework.CglibAopProxy$CglibMethodInvocation.invokeJoinpoint(CglibAopProxy.java:746) ~[spring-aop-5.0.6.RELEASE.jar:5.0.6.RELEASE]
	at org.springframework.aop.framework.ReflectiveMethodInvocation.proceed(ReflectiveMethodInvocation.java:163) ~[spring-aop-5.0.6.RELEASE.jar:5.0.6.RELEASE]
	at org.springframework.aop.framework.adapter.MethodBeforeAdviceInterceptor.invoke(MethodBeforeAdviceInterceptor.java:52) ~[spring-aop-5.0.6.RELEASE.jar:5.0.6.RELEASE]
	at org.springframework.aop.framework.ReflectiveMethodInvocation.proceed(ReflectiveMethodInvocation.java:174) ~[spring-aop-5.0.6.RELEASE.jar:5.0.6.RELEASE]
	at org.springframework.aop.framework.adapter.AfterReturningAdviceInterceptor.invoke(AfterReturningAdviceInterceptor.java:52) ~[spring-aop-5.0.6.RELEASE.jar:5.0.6.RELEASE]
	at org.springframework.aop.framework.ReflectiveMethodInvocation.proceed(ReflectiveMethodInvocation.java:185) ~[spring-aop-5.0.6.RELEASE.jar:5.0.6.RELEASE]
	at org.springframework.aop.aspectj.AspectJAfterThrowingAdvice.invoke(AspectJAfterThrowingAdvice.java:62) ~[spring-aop-5.0.6.RELEASE.jar:5.0.6.RELEASE]
	at org.springframework.aop.framework.ReflectiveMethodInvocation.proceed(ReflectiveMethodInvocation.java:185) ~[spring-aop-5.0.6.RELEASE.jar:5.0.6.RELEASE]
	at org.springframework.aop.interceptor.ExposeInvocationInterceptor.invoke(ExposeInvocationInterceptor.java:92) ~[spring-aop-5.0.6.RELEASE.jar:5.0.6.RELEASE]
	at org.springframework.aop.framework.ReflectiveMethodInvocation.proceed(ReflectiveMethodInvocation.java:185) ~[spring-aop-5.0.6.RELEASE.jar:5.0.6.RELEASE]
	at org.springframework.aop.framework.CglibAopProxy$DynamicAdvisedInterceptor.intercept(CglibAopProxy.java:688) ~[spring-aop-5.0.6.RELEASE.jar:5.0.6.RELEASE]
	at app.mcgg.rpn.Calculator$$EnhancerBySpringCGLIB$$2aae6794.eval(<generated>) ~[classes/:?]
	at app.mcgg.rpn.RpnApplication.run(RpnApplication.java:29) ~[classes/:?]
	at org.springframework.boot.SpringApplication.callRunner(SpringApplication.java:797) ~[spring-boot-2.0.2.RELEASE.jar:2.0.2.RELEASE]
	... 10 more
[32m05-21 20:48:47.295 [INFO] [s.c.a.AnnotationConfigApplicationContext:993] - Closing org.springframework.context.annotation.AnnotationConfigApplicationContext@faa4adf: startup date [Mon May 21 20:48:40 CST 2018]; root of context hierarchy
[m[32m05-21 20:48:47.296 [INFO] [       o.s.j.e.a.AnnotationMBeanExporter:451] - Unregistering JMX-exposed beans on shutdown
[m[32m05-21 20:50:42.174 [INFO] [                    a.m.r.RpnApplication: 50] - Starting RpnApplication on m.local with PID 18581 (/Users/mcgg/IdeaProjects/rpn/target/classes started by mcgg in /Users/mcgg/IdeaProjects/rpn)
[m[32m05-21 20:50:42.177 [INFO] [                    a.m.r.RpnApplication:659] - No active profile set, falling back to default profiles: default
[m[32m05-21 20:50:42.207 [INFO] [s.c.a.AnnotationConfigApplicationContext:590] - Refreshing org.springframework.context.annotation.AnnotationConfigApplicationContext@94b469a: startup date [Mon May 21 20:50:42 CST 2018]; root of context hierarchy
[m[32m05-21 20:50:42.834 [INFO] [      o.s.b.d.a.OptionalLiveReloadServer: 57] - LiveReload server is running on port 35729
[m[32m05-21 20:50:42.852 [INFO] [       o.s.j.e.a.AnnotationMBeanExporter:433] - Registering beans for JMX exposure on startup
[m[32m05-21 20:50:42.865 [INFO] [                    a.m.r.RpnApplication: 59] - Started RpnApplication in 0.861 seconds (JVM running for 6.667)
[m[32m05-21 20:50:46.125 [INFO] [                         a.m.r.a.Aspects: 31] - =============+[Start Calculating]+===============
[m[32m05-21 20:50:46.134 [INFO] [                         a.m.r.a.Aspects: 32] - [Aspect] : Calculator[stack]: 
[m[32m05-21 20:50:46.158 [INFO] [                         a.m.r.a.Aspects: 40] - stack: 1	 Detail: 2 Multiply 3
[m[32m05-21 20:50:46.161 [INFO] [                         a.m.r.a.Aspects: 40] - stack: 1	 Detail: 6 Add 5
[m[32m05-21 20:50:46.161 [INFO] [                         a.m.r.a.Aspects: 40] - stack: 	 Detail: 1 Multiply 11
[m[32m05-21 20:50:46.162 [INFO] [                         a.m.r.a.Aspects: 57] - result: 11, 6, 5
[m[32m05-21 20:50:46.163 [INFO] [                         a.m.r.a.Aspects: 58] - =============+[Calculation Finished]+===============
[m[32m05-21 20:51:38.186 [INFO] [s.c.a.AnnotationConfigApplicationContext:993] - Closing org.springframework.context.annotation.AnnotationConfigApplicationContext@94b469a: startup date [Mon May 21 20:50:42 CST 2018]; root of context hierarchy
[m[32m05-21 20:51:45.697 [INFO] [                    a.m.r.RpnApplication: 50] - Starting RpnApplication on m.local with PID 18605 (/Users/mcgg/IdeaProjects/rpn/target/classes started by mcgg in /Users/mcgg/IdeaProjects/rpn)
[m[32m05-21 20:51:45.700 [INFO] [                    a.m.r.RpnApplication:659] - No active profile set, falling back to default profiles: default
[m[32m05-21 20:51:45.728 [INFO] [s.c.a.AnnotationConfigApplicationContext:590] - Refreshing org.springframework.context.annotation.AnnotationConfigApplicationContext@592f090a: startup date [Mon May 21 20:51:45 CST 2018]; root of context hierarchy
[m[32m05-21 20:51:46.328 [INFO] [      o.s.b.d.a.OptionalLiveReloadServer: 57] - LiveReload server is running on port 35729
[m[32m05-21 20:51:46.345 [INFO] [       o.s.j.e.a.AnnotationMBeanExporter:433] - Registering beans for JMX exposure on startup
[m[32m05-21 20:51:46.357 [INFO] [                    a.m.r.RpnApplication: 59] - Started RpnApplication in 0.829 seconds (JVM running for 6.553)
[m[32m05-21 20:51:49.806 [INFO] [                         a.m.r.a.Aspects: 31] - =============+[Start Calculating]+===============
[m[32m05-21 20:51:49.814 [INFO] [                         a.m.r.a.Aspects: 32] - [Aspect] : Calculator[stack]: 
[m[32m05-21 20:51:49.842 [INFO] [                         a.m.r.a.Aspects: 40] - stack: 1	 Detail: 2 Multiply 3
[m[32m05-21 20:51:49.845 [INFO] [                         a.m.r.a.Aspects: 40] - stack: 1	 Detail: 6 Add 5
[m[32m05-21 20:51:49.846 [INFO] [                         a.m.r.a.Aspects: 40] - stack: 	 Detail: 1 Multiply 11
[m[32m05-21 20:51:49.846 [INFO] [                         a.m.r.a.Aspects: 57] - result: operator * (position: 15): insufficient operands
[m[32m05-21 20:51:49.847 [INFO] [                         a.m.r.a.Aspects: 58] - =============+[Calculation Finished]+===============
[m[32m05-21 20:55:43.979 [INFO] [s.c.a.AnnotationConfigApplicationContext:993] - Closing org.springframework.context.annotation.AnnotationConfigApplicationContext@592f090a: startup date [Mon May 21 20:51:45 CST 2018]; root of context hierarchy
[m[32m05-21 20:55:56.423 [INFO] [                    a.m.r.RpnApplication: 50] - Starting RpnApplication on m.local with PID 18695 (/Users/mcgg/IdeaProjects/rpn/target/classes started by mcgg in /Users/mcgg/IdeaProjects/rpn)
[m[32m05-21 20:55:56.426 [INFO] [                    a.m.r.RpnApplication:659] - No active profile set, falling back to default profiles: default
[m[32m05-21 20:55:56.454 [INFO] [s.c.a.AnnotationConfigApplicationContext:590] - Refreshing org.springframework.context.annotation.AnnotationConfigApplicationContext@135ee649: startup date [Mon May 21 20:55:56 CST 2018]; root of context hierarchy
[m[32m05-21 20:55:57.089 [INFO] [      o.s.b.d.a.OptionalLiveReloadServer: 57] - LiveReload server is running on port 35729
[m[32m05-21 20:55:57.109 [INFO] [       o.s.j.e.a.AnnotationMBeanExporter:433] - Registering beans for JMX exposure on startup
[m[32m05-21 20:55:57.122 [INFO] [                    a.m.r.RpnApplication: 59] - Started RpnApplication in 0.857 seconds (JVM running for 6.561)
[m[32m05-21 20:55:58.855 [INFO] [                         a.m.r.a.Aspects: 31] - =============+[Start Calculating]+===============
[m[32m05-21 20:55:58.864 [INFO] [                         a.m.r.a.Aspects: 32] - [Aspect] : Calculator[stack]: 
[m[32m05-21 20:55:58.885 [INFO] [                         a.m.r.a.Aspects: 40] - stack: 1	 Detail: 2 Multiply 3
[m[32m05-21 20:55:58.889 [INFO] [                         a.m.r.a.Aspects: 40] - stack: 1	 Detail: 6 Add 5
[m[32m05-21 20:55:58.889 [INFO] [                         a.m.r.a.Aspects: 40] - stack: 	 Detail: 1 Multiply 11
[m[32m05-21 20:56:11.115 [INFO] [                         a.m.r.a.Aspects: 31] - =============+[Start Calculating]+===============
[m[32m05-21 20:56:11.116 [INFO] [                         a.m.r.a.Aspects: 32] - [Aspect] : Calculator[stack]: 11
[m[32m05-21 20:56:24.819 [INFO] [                         a.m.r.a.Aspects: 31] - =============+[Start Calculating]+===============
[m[32m05-21 20:56:24.820 [INFO] [                         a.m.r.a.Aspects: 32] - [Aspect] : Calculator[stack]: 11
[m[32m05-21 20:56:24.821 [INFO] [                         a.m.r.a.Aspects: 57] - result: 11, 1
[m[32m05-21 20:56:24.821 [INFO] [                         a.m.r.a.Aspects: 58] - =============+[Calculation Finished]+===============
[m[32m05-21 20:56:29.034 [INFO] [                         a.m.r.a.Aspects: 31] - =============+[Start Calculating]+===============
[m[32m05-21 20:56:29.035 [INFO] [                         a.m.r.a.Aspects: 32] - [Aspect] : Calculator[stack]: 11, 1
[m[32m05-21 20:56:29.036 [INFO] [                         a.m.r.a.Aspects: 40] - stack: 11, 1, 1	 Detail: 2 Multiply 3
[m[32m05-21 20:56:29.036 [INFO] [                         a.m.r.a.Aspects: 40] - stack: 11, 1, 1	 Detail: 6 Add 5
[m[32m05-21 20:56:29.037 [INFO] [                         a.m.r.a.Aspects: 40] - stack: 11, 1	 Detail: 1 Multiply 11
[m[32m05-21 20:56:29.038 [INFO] [                         a.m.r.a.Aspects: 40] - stack: 11	 Detail: 1 Multiply 11
[m[32m05-21 20:56:29.038 [INFO] [                         a.m.r.a.Aspects: 57] - result: 11, 11, 6, 5
[m[32m05-21 20:56:29.039 [INFO] [                         a.m.r.a.Aspects: 58] - =============+[Calculation Finished]+===============
[m[32m05-21 20:56:35.515 [INFO] [                         a.m.r.a.Aspects: 31] - =============+[Start Calculating]+===============
[m[32m05-21 20:56:35.515 [INFO] [                         a.m.r.a.Aspects: 32] - [Aspect] : Calculator[stack]: 11, 11, 6, 5
[m[32m05-21 20:56:35.520 [INFO] [                         a.m.r.a.Aspects: 40] - stack: 11, 11	 Detail: 6 Subtract 5
[m[32m05-21 20:56:35.521 [INFO] [                         a.m.r.a.Aspects: 57] - result: 11, 11, 1
[m[32m05-21 20:56:35.521 [INFO] [                         a.m.r.a.Aspects: 58] - =============+[Calculation Finished]+===============
[m[32m05-21 20:56:36.634 [INFO] [                         a.m.r.a.Aspects: 31] - =============+[Start Calculating]+===============
[m[32m05-21 20:56:36.635 [INFO] [                         a.m.r.a.Aspects: 32] - [Aspect] : Calculator[stack]: 11, 11, 1
[m[32m05-21 20:56:36.636 [INFO] [                         a.m.r.a.Aspects: 40] - stack: 11	 Detail: 11 Subtract 1
[m[32m05-21 20:56:36.636 [INFO] [                         a.m.r.a.Aspects: 57] - result: 11, 10
[m[32m05-21 20:56:36.636 [INFO] [                         a.m.r.a.Aspects: 58] - =============+[Calculation Finished]+===============
[m[32m05-21 20:56:37.170 [INFO] [                         a.m.r.a.Aspects: 31] - =============+[Start Calculating]+===============
[m[32m05-21 20:56:37.171 [INFO] [                         a.m.r.a.Aspects: 32] - [Aspect] : Calculator[stack]: 11, 10
[m[32m05-21 20:56:37.172 [INFO] [                         a.m.r.a.Aspects: 40] - stack: 	 Detail: 11 Subtract 10
[m[32m05-21 20:56:37.172 [INFO] [                         a.m.r.a.Aspects: 57] - result: 1
[m[32m05-21 20:56:37.172 [INFO] [                         a.m.r.a.Aspects: 58] - =============+[Calculation Finished]+===============
[m[32m05-21 20:56:41.299 [INFO] [                         a.m.r.a.Aspects: 31] - =============+[Start Calculating]+===============
[m[32m05-21 20:56:41.299 [INFO] [                         a.m.r.a.Aspects: 32] - [Aspect] : Calculator[stack]: 1
[m[32m05-21 20:56:44.130 [INFO] [                         a.m.r.a.Aspects: 31] - =============+[Start Calculating]+===============
[m[32m05-21 20:56:44.131 [INFO] [                         a.m.r.a.Aspects: 32] - [Aspect] : Calculator[stack]: 1
[m[32m05-21 20:56:44.131 [INFO] [                         a.m.r.a.Aspects: 57] - result: 1, 1
[m[32m05-21 20:56:44.132 [INFO] [                         a.m.r.a.Aspects: 58] - =============+[Calculation Finished]+===============
[m[32m05-21 20:59:04.155 [INFO] [s.c.a.AnnotationConfigApplicationContext:993] - Closing org.springframework.context.annotation.AnnotationConfigApplicationContext@135ee649: startup date [Mon May 21 20:55:56 CST 2018]; root of context hierarchy
[m[32m05-21 20:59:16.801 [INFO] [                    a.m.r.RpnApplication: 50] - Starting RpnApplication on m.local with PID 18767 (/Users/mcgg/IdeaProjects/rpn/target/classes started by mcgg in /Users/mcgg/IdeaProjects/rpn)
[m[32m05-21 20:59:16.804 [INFO] [                    a.m.r.RpnApplication:659] - No active profile set, falling back to default profiles: default
[m[32m05-21 20:59:16.833 [INFO] [s.c.a.AnnotationConfigApplicationContext:590] - Refreshing org.springframework.context.annotation.AnnotationConfigApplicationContext@5fb93fb: startup date [Mon May 21 20:59:16 CST 2018]; root of context hierarchy
[m[32m05-21 20:59:17.453 [INFO] [      o.s.b.d.a.OptionalLiveReloadServer: 57] - LiveReload server is running on port 35729
[m[32m05-21 20:59:17.471 [INFO] [       o.s.j.e.a.AnnotationMBeanExporter:433] - Registering beans for JMX exposure on startup
[m[32m05-21 20:59:17.483 [INFO] [                    a.m.r.RpnApplication: 59] - Started RpnApplication in 0.845 seconds (JVM running for 6.626)
[m[32m05-21 20:59:20.634 [INFO] [                         a.m.r.a.Aspects: 31] - =============+[Start Calculating]+===============
[m[32m05-21 20:59:20.644 [INFO] [                         a.m.r.a.Aspects: 32] - [Aspect] : Calculator[stack]: 
[m[32m05-21 20:59:20.668 [INFO] [                         a.m.r.a.Aspects: 40] - stack: 1	 Detail: 2 Multiply 3
[m[32m05-21 20:59:20.672 [INFO] [                         a.m.r.a.Aspects: 40] - stack: 1	 Detail: 6 Add 5
[m[32m05-21 20:59:20.672 [INFO] [                         a.m.r.a.Aspects: 40] - stack: 	 Detail: 1 Multiply 11
[m[34m05-21 20:59:20.673 [WARN] [                         a.m.r.a.Aspects: 64] - =============+[Calculation Finished with error]+===============
[m[34m05-21 20:59:20.673 [WARN] [                         a.m.r.a.Aspects: 65] - operator * (position: 15): insufficient operands
[m[32m05-21 20:59:20.674 [INFO] [                         a.m.r.a.Aspects: 66] - stack: 11
[m[32m05-21 20:59:48.201 [INFO] [s.c.a.AnnotationConfigApplicationContext:993] - Closing org.springframework.context.annotation.AnnotationConfigApplicationContext@5fb93fb: startup date [Mon May 21 20:59:16 CST 2018]; root of context hierarchy
[m[32m05-21 21:00:00.623 [INFO] [                    a.m.r.RpnApplication: 50] - Starting RpnApplication on m.local with PID 18786 (/Users/mcgg/IdeaProjects/rpn/target/classes started by mcgg in /Users/mcgg/IdeaProjects/rpn)
[m[32m05-21 21:00:00.626 [INFO] [                    a.m.r.RpnApplication:659] - No active profile set, falling back to default profiles: default
[m[32m05-21 21:00:00.654 [INFO] [s.c.a.AnnotationConfigApplicationContext:590] - Refreshing org.springframework.context.annotation.AnnotationConfigApplicationContext@d5e6f5b: startup date [Mon May 21 21:00:00 CST 2018]; root of context hierarchy
[m[32m05-21 21:00:01.301 [INFO] [      o.s.b.d.a.OptionalLiveReloadServer: 57] - LiveReload server is running on port 35729
[m[32m05-21 21:00:01.318 [INFO] [       o.s.j.e.a.AnnotationMBeanExporter:433] - Registering beans for JMX exposure on startup
[m[32m05-21 21:00:01.330 [INFO] [                    a.m.r.RpnApplication: 59] - Started RpnApplication in 0.865 seconds (JVM running for 6.589)
[m[32m05-21 21:00:03.657 [INFO] [                         a.m.r.a.Aspects: 31] - =============+[Start Calculating]+===============
[m[32m05-21 21:00:03.666 [INFO] [                         a.m.r.a.Aspects: 32] - [Aspect] : Calculator[stack]: 
[m[34m05-21 21:00:03.674 [WARN] [                         a.m.r.a.Aspects: 64] - operator ogger.warn("=============+[Calculation (position: 0): invalid operator
[m[32m05-21 21:00:03.675 [INFO] [                         a.m.r.a.Aspects: 65] - stack: 
[m[34m05-21 21:00:03.675 [WARN] [                         a.m.r.a.Aspects: 66] - =============+[Calculation Finished with error]+===============
[m[32m05-21 21:00:07.020 [INFO] [                         a.m.r.a.Aspects: 31] - =============+[Start Calculating]+===============
[m[32m05-21 21:00:07.021 [INFO] [                         a.m.r.a.Aspects: 32] - [Aspect] : Calculator[stack]: 
[m[34m05-21 21:00:07.021 [WARN] [                         a.m.r.a.Aspects: 64] - operator cealr (position: 0): invalid operator
[m[32m05-21 21:00:07.022 [INFO] [                         a.m.r.a.Aspects: 65] - stack: 
[m[34m05-21 21:00:07.023 [WARN] [                         a.m.r.a.Aspects: 66] - =============+[Calculation Finished with error]+===============
[m[32m05-21 21:00:08.283 [INFO] [                         a.m.r.a.Aspects: 31] - =============+[Start Calculating]+===============
[m[32m05-21 21:00:08.284 [INFO] [                         a.m.r.a.Aspects: 32] - [Aspect] : Calculator[stack]: 
[m[32m05-21 21:00:08.285 [INFO] [                         a.m.r.a.Aspects: 52] - stack: Clear
[m[32m05-21 21:00:08.287 [INFO] [                         a.m.r.a.Aspects: 57] - result: 
[m[32m05-21 21:00:08.288 [INFO] [                         a.m.r.a.Aspects: 58] - =============+[Calculation Finished]+===============
[m[32m05-21 21:00:15.171 [INFO] [                         a.m.r.a.Aspects: 31] - =============+[Start Calculating]+===============
[m[32m05-21 21:00:15.172 [INFO] [                         a.m.r.a.Aspects: 32] - [Aspect] : Calculator[stack]: 
[m[32m05-21 21:00:15.191 [INFO] [                         a.m.r.a.Aspects: 40] - stack: 1	 Detail: 2 Multiply 3
[m[32m05-21 21:00:15.195 [INFO] [                         a.m.r.a.Aspects: 40] - stack: 1	 Detail: 6 Add 5
[m[32m05-21 21:00:15.196 [INFO] [                         a.m.r.a.Aspects: 40] - stack: 	 Detail: 1 Multiply 11
[m[34m05-21 21:00:15.196 [WARN] [                         a.m.r.a.Aspects: 64] - operator * (position: 15): insufficient operands
[m[32m05-21 21:00:15.197 [INFO] [                         a.m.r.a.Aspects: 65] - stack: 11
[m[34m05-21 21:00:15.197 [WARN] [                         a.m.r.a.Aspects: 66] - =============+[Calculation Finished with error]+===============
[m[32m05-21 21:00:48.764 [INFO] [s.c.a.AnnotationConfigApplicationContext:993] - Closing org.springframework.context.annotation.AnnotationConfigApplicationContext@d5e6f5b: startup date [Mon May 21 21:00:00 CST 2018]; root of context hierarchy
[m[32m05-21 21:00:56.285 [INFO] [                    a.m.r.RpnApplication: 50] - Starting RpnApplication on m.local with PID 18813 (/Users/mcgg/IdeaProjects/rpn/target/classes started by mcgg in /Users/mcgg/IdeaProjects/rpn)
[m[32m05-21 21:00:56.288 [INFO] [                    a.m.r.RpnApplication:659] - No active profile set, falling back to default profiles: default
[m[32m05-21 21:00:56.317 [INFO] [s.c.a.AnnotationConfigApplicationContext:590] - Refreshing org.springframework.context.annotation.AnnotationConfigApplicationContext@3bc61acb: startup date [Mon May 21 21:00:56 CST 2018]; root of context hierarchy
[m[32m05-21 21:00:56.937 [INFO] [      o.s.b.d.a.OptionalLiveReloadServer: 57] - LiveReload server is running on port 35729
[m[32m05-21 21:00:56.955 [INFO] [       o.s.j.e.a.AnnotationMBeanExporter:433] - Registering beans for JMX exposure on startup
[m[32m05-21 21:00:56.967 [INFO] [                    a.m.r.RpnApplication: 59] - Started RpnApplication in 0.844 seconds (JVM running for 6.589)
[m[32m05-21 21:01:01.622 [INFO] [                         a.m.r.a.Aspects: 31] - =============+[Start Calculating]+===============
[m[32m05-21 21:01:01.630 [INFO] [                         a.m.r.a.Aspects: 32] - [Aspect] : Calculator[stack]: 
[m[32m05-21 21:01:01.654 [INFO] [                         a.m.r.a.Aspects: 40] - stack: 1	 Detail: 2 Multiply 3
[m[32m05-21 21:01:01.657 [INFO] [                         a.m.r.a.Aspects: 40] - stack: 1	 Detail: 6 Add 5
[m[32m05-21 21:01:01.658 [INFO] [                         a.m.r.a.Aspects: 40] - stack: 	 Detail: 1 Multiply 11
[m[31m05-21 21:01:01.659 [ERROR] [                         a.m.r.a.Aspects: 64] - operator * (position: 15): insufficient operands
[m[31m05-21 21:01:01.659 [ERROR] [                         a.m.r.a.Aspects: 65] - stack: 11
[m[31m05-21 21:01:01.660 [ERROR] [                         a.m.r.a.Aspects: 66] - =============+[Calculation Finished with error]+===============
[m[32m05-21 21:01:20.209 [INFO] [                         a.m.r.a.Aspects: 31] - =============+[Start Calculating]+===============
[m[32m05-21 21:01:20.210 [INFO] [                         a.m.r.a.Aspects: 32] - [Aspect] : Calculator[stack]: 11
[m[32m05-21 21:01:20.210 [INFO] [                         a.m.r.a.Aspects: 57] - result: 11, 5, 2
[m[32m05-21 21:01:20.211 [INFO] [                         a.m.r.a.Aspects: 58] - =============+[Calculation Finished]+===============
[m[32m05-21 21:01:27.088 [INFO] [                         a.m.r.a.Aspects: 31] - =============+[Start Calculating]+===============
[m[32m05-21 21:01:27.088 [INFO] [                         a.m.r.a.Aspects: 32] - [Aspect] : Calculator[stack]: 11, 5, 2
[m[32m05-21 21:01:27.092 [INFO] [                         a.m.r.a.Aspects: 40] - stack: 11, 5, 2	 Detail: 2 Sqrt 
[m[32m05-21 21:01:27.093 [INFO] [                         a.m.r.a.Aspects: 57] - result: 11, 5, 2, 1.4142135623
[m[32m05-21 21:01:27.094 [INFO] [                         a.m.r.a.Aspects: 58] - =============+[Calculation Finished]+===============
[m[32m05-21 21:01:41.824 [INFO] [                         a.m.r.a.Aspects: 31] - =============+[Start Calculating]+===============
[m[32m05-21 21:01:41.825 [INFO] [                         a.m.r.a.Aspects: 32] - [Aspect] : Calculator[stack]: 11, 5, 2, 1.4142135623
[m[32m05-21 21:01:41.826 [INFO] [                         a.m.r.a.Aspects: 52] - stack: 11, 5, 2, 1.4142135623Clear
[m[32m05-21 21:01:41.826 [INFO] [                         a.m.r.a.Aspects: 40] - stack: 	 Detail: 9 Sqrt 
[m[32m05-21 21:01:41.827 [INFO] [                         a.m.r.a.Aspects: 57] - result: 3
[m[32m05-21 21:01:41.827 [INFO] [                         a.m.r.a.Aspects: 58] - =============+[Calculation Finished]+===============
[m[32m05-21 21:01:54.231 [INFO] [                         a.m.r.a.Aspects: 31] - =============+[Start Calculating]+===============
[m[32m05-21 21:01:54.232 [INFO] [                         a.m.r.a.Aspects: 32] - [Aspect] : Calculator[stack]: 3
[m[32m05-21 21:01:54.233 [INFO] [                         a.m.r.a.Aspects: 57] - result: 3, 5, 4, 3, 2
[m[32m05-21 21:01:54.234 [INFO] [                         a.m.r.a.Aspects: 58] - =============+[Calculation Finished]+===============
[m[32m05-21 21:01:59.280 [INFO] [                         a.m.r.a.Aspects: 31] - =============+[Start Calculating]+===============
[m[32m05-21 21:01:59.280 [INFO] [                         a.m.r.a.Aspects: 32] - [Aspect] : Calculator[stack]: 3, 5, 4, 3, 2
[m[32m05-21 21:01:59.281 [INFO] [                         a.m.r.a.Aspects: 52] - stack: 3, 5, 4, 3, 2Clear
[m[32m05-21 21:01:59.281 [INFO] [                         a.m.r.a.Aspects: 57] - result: 
[m[32m05-21 21:01:59.282 [INFO] [                         a.m.r.a.Aspects: 58] - =============+[Calculation Finished]+===============
[m[32m05-21 21:02:01.551 [INFO] [                         a.m.r.a.Aspects: 31] - =============+[Start Calculating]+===============
[m[32m05-21 21:02:01.552 [INFO] [                         a.m.r.a.Aspects: 32] - [Aspect] : Calculator[stack]: 
[m[32m05-21 21:02:01.552 [INFO] [                         a.m.r.a.Aspects: 57] - result: 5, 4, 3, 2
[m[32m05-21 21:02:01.553 [INFO] [                         a.m.r.a.Aspects: 58] - =============+[Calculation Finished]+===============
[m[32m05-21 21:02:08.575 [INFO] [                         a.m.r.a.Aspects: 31] - =============+[Start Calculating]+===============
[m[32m05-21 21:02:08.576 [INFO] [                         a.m.r.a.Aspects: 32] - [Aspect] : Calculator[stack]: 5, 4, 3, 2
[m[32m05-21 21:02:08.577 [INFO] [                         a.m.r.a.Aspects: 47] - stack: 5, 4, 3, 2 Undo
[m[32m05-21 21:02:08.577 [INFO] [                         a.m.r.a.Aspects: 47] - stack: 5, 4, 3 Undo
[m[32m05-21 21:02:08.577 [INFO] [                         a.m.r.a.Aspects: 40] - stack: 	 Detail: 5 Multiply 4
[m[32m05-21 21:02:08.578 [INFO] [                         a.m.r.a.Aspects: 57] - result: 20
[m[32m05-21 21:02:08.578 [INFO] [                         a.m.r.a.Aspects: 58] - =============+[Calculation Finished]+===============
[m[32m05-21 21:02:14.135 [INFO] [                         a.m.r.a.Aspects: 31] - =============+[Start Calculating]+===============
[m[32m05-21 21:02:14.136 [INFO] [                         a.m.r.a.Aspects: 32] - [Aspect] : Calculator[stack]: 20
[m[32m05-21 21:02:14.136 [INFO] [                         a.m.r.a.Aspects: 40] - stack: 	 Detail: 20 Multiply 5
[m[32m05-21 21:02:14.137 [INFO] [                         a.m.r.a.Aspects: 57] - result: 100
[m[32m05-21 21:02:14.137 [INFO] [                         a.m.r.a.Aspects: 58] - =============+[Calculation Finished]+===============
[m[32m05-21 21:02:18.623 [INFO] [                         a.m.r.a.Aspects: 31] - =============+[Start Calculating]+===============
[m[32m05-21 21:02:18.624 [INFO] [                         a.m.r.a.Aspects: 32] - [Aspect] : Calculator[stack]: 100
[m[32m05-21 21:02:18.625 [INFO] [                         a.m.r.a.Aspects: 47] - stack: 100 Undo
[m[32m05-21 21:02:18.625 [INFO] [                         a.m.r.a.Aspects: 57] - result: 20, 5
[m[32m05-21 21:02:18.625 [INFO] [                         a.m.r.a.Aspects: 58] - =============+[Calculation Finished]+===============
[m[32m05-21 21:02:30.606 [INFO] [                         a.m.r.a.Aspects: 31] - =============+[Start Calculating]+===============
[m[32m05-21 21:02:30.609 [INFO] [                         a.m.r.a.Aspects: 32] - [Aspect] : Calculator[stack]: 20, 5
[m[32m05-21 21:02:30.610 [INFO] [                         a.m.r.a.Aspects: 52] - stack: 20, 5Clear
[m[32m05-21 21:02:30.610 [INFO] [                         a.m.r.a.Aspects: 57] - result: 
[m[32m05-21 21:02:30.610 [INFO] [                         a.m.r.a.Aspects: 58] - =============+[Calculation Finished]+===============
[m[32m05-21 21:02:37.910 [INFO] [                         a.m.r.a.Aspects: 31] - =============+[Start Calculating]+===============
[m[32m05-21 21:02:37.911 [INFO] [                         a.m.r.a.Aspects: 32] - [Aspect] : Calculator[stack]: 
[m[32m05-21 21:02:37.916 [INFO] [                         a.m.r.a.Aspects: 40] - stack: 7	 Detail: 12 Divide 2
[m[32m05-21 21:02:37.917 [INFO] [                         a.m.r.a.Aspects: 57] - result: 7, 6
[m[32m05-21 21:02:37.917 [INFO] [                         a.m.r.a.Aspects: 58] - =============+[Calculation Finished]+===============
[m[32m05-21 21:02:42.838 [INFO] [                         a.m.r.a.Aspects: 31] - =============+[Start Calculating]+===============
[m[32m05-21 21:02:42.838 [INFO] [                         a.m.r.a.Aspects: 32] - [Aspect] : Calculator[stack]: 7, 6
[m[32m05-21 21:02:42.839 [INFO] [                         a.m.r.a.Aspects: 40] - stack: 	 Detail: 7 Multiply 6
[m[32m05-21 21:02:42.839 [INFO] [                         a.m.r.a.Aspects: 57] - result: 42
[m[32m05-21 21:02:42.840 [INFO] [                         a.m.r.a.Aspects: 58] - =============+[Calculation Finished]+===============
[m[32m05-21 21:02:46.174 [INFO] [                         a.m.r.a.Aspects: 31] - =============+[Start Calculating]+===============
[m[32m05-21 21:02:46.175 [INFO] [                         a.m.r.a.Aspects: 32] - [Aspect] : Calculator[stack]: 42
[m[32m05-21 21:02:46.175 [INFO] [                         a.m.r.a.Aspects: 40] - stack: 	 Detail: 42 Divide 4
[m[32m05-21 21:02:46.176 [INFO] [                         a.m.r.a.Aspects: 57] - result: 10.5
[m[32m05-21 21:02:46.176 [INFO] [                         a.m.r.a.Aspects: 58] - =============+[Calculation Finished]+===============
[m[32m05-21 21:02:55.253 [INFO] [                         a.m.r.a.Aspects: 31] - =============+[Start Calculating]+===============
[m[32m05-21 21:02:55.254 [INFO] [                         a.m.r.a.Aspects: 32] - [Aspect] : Calculator[stack]: 10.5
[m[32m05-21 21:02:55.254 [INFO] [                         a.m.r.a.Aspects: 52] - stack: 10.5Clear
[m[32m05-21 21:02:55.255 [INFO] [                         a.m.r.a.Aspects: 57] - result: 
[m[32m05-21 21:02:55.255 [INFO] [                         a.m.r.a.Aspects: 58] - =============+[Calculation Finished]+===============
[m[32m05-21 21:02:57.630 [INFO] [                         a.m.r.a.Aspects: 31] - =============+[Start Calculating]+===============
[m[32m05-21 21:02:57.630 [INFO] [                         a.m.r.a.Aspects: 32] - [Aspect] : Calculator[stack]: 
[m[32m05-21 21:02:57.631 [INFO] [                         a.m.r.a.Aspects: 57] - result: 1, 2, 3, 4, 5
[m[32m05-21 21:02:57.631 [INFO] [                         a.m.r.a.Aspects: 58] - =============+[Calculation Finished]+===============
[m[32m05-21 21:03:03.285 [INFO] [                         a.m.r.a.Aspects: 31] - =============+[Start Calculating]+===============
[m[32m05-21 21:03:03.286 [INFO] [                         a.m.r.a.Aspects: 32] - [Aspect] : Calculator[stack]: 1, 2, 3, 4, 5
[m[32m05-21 21:03:03.286 [INFO] [                         a.m.r.a.Aspects: 40] - stack: 1, 2, 3	 Detail: 4 Multiply 5
[m[32m05-21 21:03:03.287 [INFO] [                         a.m.r.a.Aspects: 57] - result: 1, 2, 3, 20
[m[32m05-21 21:03:03.287 [INFO] [                         a.m.r.a.Aspects: 58] - =============+[Calculation Finished]+===============
[m[32m05-21 21:03:09.245 [INFO] [                         a.m.r.a.Aspects: 31] - =============+[Start Calculating]+===============
[m[32m05-21 21:03:09.245 [INFO] [                         a.m.r.a.Aspects: 32] - [Aspect] : Calculator[stack]: 1, 2, 3, 20
[m[32m05-21 21:03:09.246 [INFO] [                         a.m.r.a.Aspects: 52] - stack: 1, 2, 3, 20Clear
[m[32m05-21 21:03:09.250 [INFO] [                         a.m.r.a.Aspects: 40] - stack: 	 Detail: 3 Subtract 4
[m[32m05-21 21:03:09.251 [INFO] [                         a.m.r.a.Aspects: 57] - result: -1
[m[32m05-21 21:03:09.251 [INFO] [                         a.m.r.a.Aspects: 58] - =============+[Calculation Finished]+===============
[m[32m05-21 21:03:20.053 [INFO] [                         a.m.r.a.Aspects: 31] - =============+[Start Calculating]+===============
[m[32m05-21 21:03:20.053 [INFO] [                         a.m.r.a.Aspects: 32] - [Aspect] : Calculator[stack]: -1
[m[32m05-21 21:03:20.054 [INFO] [                         a.m.r.a.Aspects: 52] - stack: -1Clear
[m[32m05-21 21:03:20.054 [INFO] [                         a.m.r.a.Aspects: 57] - result: 
[m[32m05-21 21:03:20.054 [INFO] [                         a.m.r.a.Aspects: 58] - =============+[Calculation Finished]+===============
[m[32m05-21 21:03:23.301 [INFO] [                         a.m.r.a.Aspects: 31] - =============+[Start Calculating]+===============
[m[32m05-21 21:03:23.301 [INFO] [                         a.m.r.a.Aspects: 32] - [Aspect] : Calculator[stack]: 
[m[32m05-21 21:03:23.302 [INFO] [                         a.m.r.a.Aspects: 57] - result: 1, 2, 3, 4, 5
[m[32m05-21 21:03:23.302 [INFO] [                         a.m.r.a.Aspects: 58] - =============+[Calculation Finished]+===============
[m[32m05-21 21:03:29.524 [INFO] [                         a.m.r.a.Aspects: 31] - =============+[Start Calculating]+===============
[m[32m05-21 21:03:29.525 [INFO] [                         a.m.r.a.Aspects: 32] - [Aspect] : Calculator[stack]: 1, 2, 3, 4, 5
[m[32m05-21 21:03:29.525 [INFO] [                         a.m.r.a.Aspects: 40] - stack: 1, 2, 3	 Detail: 4 Multiply 5
[m[32m05-21 21:03:29.526 [INFO] [                         a.m.r.a.Aspects: 40] - stack: 1, 2	 Detail: 3 Multiply 20
[m[32m05-21 21:03:29.527 [INFO] [                         a.m.r.a.Aspects: 40] - stack: 1	 Detail: 2 Multiply 60
[m[32m05-21 21:03:29.529 [INFO] [                         a.m.r.a.Aspects: 40] - stack: 	 Detail: 1 Multiply 120
[m[32m05-21 21:03:29.529 [INFO] [                         a.m.r.a.Aspects: 57] - result: 120
[m[32m05-21 21:03:29.530 [INFO] [                         a.m.r.a.Aspects: 58] - =============+[Calculation Finished]+===============
[m[32m05-21 21:03:50.668 [INFO] [                         a.m.r.a.Aspects: 31] - =============+[Start Calculating]+===============
[m[32m05-21 21:03:50.668 [INFO] [                         a.m.r.a.Aspects: 32] - [Aspect] : Calculator[stack]: 120
[m[32m05-21 21:03:50.669 [INFO] [                         a.m.r.a.Aspects: 40] - stack: 120, 1	 Detail: 2 Multiply 3
[m[32m05-21 21:03:50.669 [INFO] [                         a.m.r.a.Aspects: 40] - stack: 120, 1	 Detail: 6 Add 5
[m[32m05-21 21:03:50.670 [INFO] [                         a.m.r.a.Aspects: 40] - stack: 120	 Detail: 1 Multiply 11
[m[32m05-21 21:03:50.670 [INFO] [                         a.m.r.a.Aspects: 40] - stack: 	 Detail: 120 Multiply 11
[m[32m05-21 21:03:50.671 [INFO] [                         a.m.r.a.Aspects: 57] - result: 1320, 6, 5
[m[32m05-21 21:03:50.671 [INFO] [                         a.m.r.a.Aspects: 58] - =============+[Calculation Finished]+===============
[m[32m05-21 21:03:53.668 [INFO] [                         a.m.r.a.Aspects: 31] - =============+[Start Calculating]+===============
[m[32m05-21 21:03:53.669 [INFO] [                         a.m.r.a.Aspects: 32] - [Aspect] : Calculator[stack]: 1320, 6, 5
[m[32m05-21 21:03:53.669 [INFO] [                         a.m.r.a.Aspects: 52] - stack: 1320, 6, 5Clear
[m[32m05-21 21:03:53.670 [INFO] [                         a.m.r.a.Aspects: 57] - result: 
[m[32m05-21 21:03:53.671 [INFO] [                         a.m.r.a.Aspects: 58] - =============+[Calculation Finished]+===============
[m[32m05-21 21:03:56.132 [INFO] [                         a.m.r.a.Aspects: 31] - =============+[Start Calculating]+===============
[m[32m05-21 21:03:56.132 [INFO] [                         a.m.r.a.Aspects: 32] - [Aspect] : Calculator[stack]: 
[m[32m05-21 21:03:56.133 [INFO] [                         a.m.r.a.Aspects: 40] - stack: 1	 Detail: 2 Multiply 3
[m[32m05-21 21:03:56.133 [INFO] [                         a.m.r.a.Aspects: 40] - stack: 1	 Detail: 6 Add 5
[m[32m05-21 21:03:56.133 [INFO] [                         a.m.r.a.Aspects: 40] - stack: 	 Detail: 1 Multiply 11
[m[31m05-21 21:03:56.134 [ERROR] [                         a.m.r.a.Aspects: 64] - operator * (position: 15): insufficient operands
[m[31m05-21 21:03:56.134 [ERROR] [                         a.m.r.a.Aspects: 65] - stack: 11
[m[31m05-21 21:03:56.134 [ERROR] [                         a.m.r.a.Aspects: 66] - =============+[Calculation Finished with error]+===============
[m[32m05-21 21:04:20.323 [INFO] [                         a.m.r.a.Aspects: 31] - =============+[Start Calculating]+===============
[m[32m05-21 21:04:20.324 [INFO] [                         a.m.r.a.Aspects: 32] - [Aspect] : Calculator[stack]: 11
[m[32m05-21 21:04:20.324 [INFO] [                         a.m.r.a.Aspects: 52] - stack: 11Clear
[m[32m05-21 21:04:20.324 [INFO] [                         a.m.r.a.Aspects: 57] - result: 
[m[32m05-21 21:04:20.324 [INFO] [                         a.m.r.a.Aspects: 58] - =============+[Calculation Finished]+===============
[m[32m05-21 21:04:36.451 [INFO] [                         a.m.r.a.Aspects: 31] - =============+[Start Calculating]+===============
[m[32m05-21 21:04:36.451 [INFO] [                         a.m.r.a.Aspects: 32] - [Aspect] : Calculator[stack]: 
[m[32m05-21 21:04:36.452 [INFO] [                         a.m.r.a.Aspects: 40] - stack: 	 Detail: 1 Subtract 2
[m[31m05-21 21:04:36.452 [ERROR] [                         a.m.r.a.Aspects: 64] - operator - (position: 7): insufficient operands
[m[31m05-21 21:04:36.452 [ERROR] [                         a.m.r.a.Aspects: 65] - stack: -1
[m[31m05-21 21:04:36.452 [ERROR] [                         a.m.r.a.Aspects: 66] - =============+[Calculation Finished with error]+===============
[m[32m05-21 22:37:08.004 [INFO] [s.c.a.AnnotationConfigApplicationContext:993] - Closing org.springframework.context.annotation.AnnotationConfigApplicationContext@3bc61acb: startup date [Mon May 21 21:00:56 CST 2018]; root of context hierarchy
[m[32m05-21 22:37:20.536 [INFO] [                    a.m.r.RpnApplication: 50] - Starting RpnApplication on m.local with PID 20762 (/Users/mcgg/IdeaProjects/rpn/target/classes started by mcgg in /Users/mcgg/IdeaProjects/rpn)
[m[32m05-21 22:37:20.539 [INFO] [                    a.m.r.RpnApplication:659] - No active profile set, falling back to default profiles: default
[m[32m05-21 22:37:20.570 [INFO] [s.c.a.AnnotationConfigApplicationContext:590] - Refreshing org.springframework.context.annotation.AnnotationConfigApplicationContext@781b6f5d: startup date [Mon May 21 22:37:20 CST 2018]; root of context hierarchy
[m[32m05-21 22:37:21.184 [INFO] [      o.s.b.d.a.OptionalLiveReloadServer: 57] - LiveReload server is running on port 35729
[m[32m05-21 22:37:21.202 [INFO] [       o.s.j.e.a.AnnotationMBeanExporter:433] - Registering beans for JMX exposure on startup
[m[32m05-21 22:37:21.215 [INFO] [                    a.m.r.RpnApplication: 59] - Started RpnApplication in 0.864 seconds (JVM running for 6.612)
[m[32m05-21 22:37:30.215 [INFO] [                         a.m.r.a.Aspects: 30] - =============+[Start Calculating]+===============
[m[32m05-21 22:37:30.227 [INFO] [                         a.m.r.a.Aspects: 31] - [Aspect] : Calculator[stack]: 
[m[32m05-21 22:37:30.251 [INFO] [                         a.m.r.a.Aspects: 39] - stack: 1	 Detail: 2 Multiply 3
[m[32m05-21 22:37:30.256 [INFO] [                         a.m.r.a.Aspects: 39] - stack: 1	 Detail: 6 Add 5
[m[32m05-21 22:37:30.256 [INFO] [                         a.m.r.a.Aspects: 39] - stack: 	 Detail: 1 Multiply 11
[m[34m05-21 22:37:30.257 [WARN] [                         a.m.r.a.Aspects: 63] - operator * (position: 15): insufficient operands
[m[34m05-21 22:37:30.257 [WARN] [                         a.m.r.a.Aspects: 64] - stack: 11
[m[34m05-21 22:37:30.258 [WARN] [                         a.m.r.a.Aspects: 65] - =============+[Calculation Finished with error]+===============
[m[32m05-21 22:37:51.295 [INFO] [                         a.m.r.a.Aspects: 30] - =============+[Start Calculating]+===============
[m[32m05-21 22:37:51.295 [INFO] [                         a.m.r.a.Aspects: 31] - [Aspect] : Calculator[stack]: 11
[m[32m05-21 22:37:51.299 [INFO] [                         a.m.r.a.Aspects: 39] - stack: 	 Detail: 11 Sqrt 
[m[32m05-21 22:37:51.301 [INFO] [                         a.m.r.a.Aspects: 56] - result: 3.3166247903
[m[32m05-21 22:37:51.301 [INFO] [                         a.m.r.a.Aspects: 57] - =============+[Calculation Finished]+===============
[m[32m05-21 22:37:54.580 [INFO] [                         a.m.r.a.Aspects: 30] - =============+[Start Calculating]+===============
[m[32m05-21 22:37:54.581 [INFO] [                         a.m.r.a.Aspects: 31] - [Aspect] : Calculator[stack]: 3.3166247903
[m[32m05-21 22:37:54.582 [INFO] [                         a.m.r.a.Aspects: 46] - stack: 3.3166247903 Undo
[m[32m05-21 22:37:54.582 [INFO] [                         a.m.r.a.Aspects: 56] - result: 11
[m[32m05-21 22:37:54.582 [INFO] [                         a.m.r.a.Aspects: 57] - =============+[Calculation Finished]+===============
[m[32m05-21 22:50:29.117 [INFO] [s.c.a.AnnotationConfigApplicationContext:993] - Closing org.springframework.context.annotation.AnnotationConfigApplicationContext@781b6f5d: startup date [Mon May 21 22:37:20 CST 2018]; root of context hierarchy
[m[32m05-21 22:50:41.802 [INFO] [                    a.m.r.RpnApplication: 50] - Starting RpnApplication on m.local with PID 21393 (/Users/mcgg/IdeaProjects/rpn/target/classes started by mcgg in /Users/mcgg/IdeaProjects/rpn)
[m[32m05-21 22:50:41.805 [INFO] [                    a.m.r.RpnApplication:659] - No active profile set, falling back to default profiles: default
[m[32m05-21 22:50:41.833 [INFO] [s.c.a.AnnotationConfigApplicationContext:590] - Refreshing org.springframework.context.annotation.AnnotationConfigApplicationContext@1dca2c9f: startup date [Mon May 21 22:50:41 CST 2018]; root of context hierarchy
[m[32m05-21 22:50:42.442 [INFO] [      o.s.b.d.a.OptionalLiveReloadServer: 57] - LiveReload server is running on port 35729
[m[32m05-21 22:50:42.460 [INFO] [       o.s.j.e.a.AnnotationMBeanExporter:433] - Registering beans for JMX exposure on startup
[m[32m05-21 22:50:42.472 [INFO] [                    a.m.r.RpnApplication: 59] - Started RpnApplication in 0.836 seconds (JVM running for 6.565)
[m[32m05-21 22:50:50.305 [INFO] [                         a.m.r.a.Aspects: 30] - =============+[Start Calculating]+===============
[m[34m05-21 22:50:50.312 [WARN] [                         a.m.r.a.Aspects: 63] - begin 1, end -1, length 0
[m[32m05-21 22:50:50.314 [INFO] [ConditionEvaluationReportLoggingListener:101] - 

Error starting ApplicationContext. To display the conditions report re-run your application with 'debug' enabled.
[m[31m05-21 22:50:50.318 [ERROR] [                 o.s.b.SpringApplication:842] - Application run failed
[m java.lang.IllegalStateException: Failed to execute CommandLineRunner
	at org.springframework.boot.SpringApplication.callRunner(SpringApplication.java:800) [spring-boot-2.0.2.RELEASE.jar:2.0.2.RELEASE]
	at org.springframework.boot.SpringApplication.callRunners(SpringApplication.java:781) [spring-boot-2.0.2.RELEASE.jar:2.0.2.RELEASE]
	at org.springframework.boot.SpringApplication.run(SpringApplication.java:335) [spring-boot-2.0.2.RELEASE.jar:2.0.2.RELEASE]
	at org.springframework.boot.SpringApplication.run(SpringApplication.java:1255) [spring-boot-2.0.2.RELEASE.jar:2.0.2.RELEASE]
	at org.springframework.boot.SpringApplication.run(SpringApplication.java:1243) [spring-boot-2.0.2.RELEASE.jar:2.0.2.RELEASE]
	at app.mcgg.rpn.RpnApplication.main(RpnApplication.java:18) [classes/:?]
	at jdk.internal.reflect.NativeMethodAccessorImpl.invoke0(Native Method) ~[?:?]
	at jdk.internal.reflect.NativeMethodAccessorImpl.invoke(NativeMethodAccessorImpl.java:62) ~[?:?]
	at jdk.internal.reflect.DelegatingMethodAccessorImpl.invoke(DelegatingMethodAccessorImpl.java:43) ~[?:?]
	at java.lang.reflect.Method.invoke(Method.java:564) ~[?:?]
	at org.springframework.boot.devtools.restart.RestartLauncher.run(RestartLauncher.java:49) [spring-boot-devtools-2.0.2.RELEASE.jar:2.0.2.RELEASE]
Caused by: java.lang.StringIndexOutOfBoundsException: begin 1, end -1, length 0
	at java.lang.String.checkBoundsBeginEnd(String.java:3116) ~[?:?]
	at java.lang.String.substring(String.java:1885) ~[?:?]
	at app.mcgg.rpn.util.RPNStack.toString(RPNStack.java:71) ~[classes/:?]
	at app.mcgg.rpn.processor.StackProcessor.getStackString(StackProcessor.java:49) ~[classes/:?]
	at app.mcgg.rpn.processor.StackProcessor$$FastClassBySpringCGLIB$$c22e2b8f.invoke(<generated>) ~[classes/:?]
	at org.springframework.cglib.proxy.MethodProxy.invoke(MethodProxy.java:204) ~[spring-core-5.0.6.RELEASE.jar:5.0.6.RELEASE]
	at org.springframework.aop.framework.CglibAopProxy$CglibMethodInvocation.invokeJoinpoint(CglibAopProxy.java:746) ~[spring-aop-5.0.6.RELEASE.jar:5.0.6.RELEASE]
	at org.springframework.aop.framework.ReflectiveMethodInvocation.proceed(ReflectiveMethodInvocation.java:163) ~[spring-aop-5.0.6.RELEASE.jar:5.0.6.RELEASE]
	at org.springframework.aop.interceptor.ExposeInvocationInterceptor.invoke(ExposeInvocationInterceptor.java:92) ~[spring-aop-5.0.6.RELEASE.jar:5.0.6.RELEASE]
	at org.springframework.aop.framework.ReflectiveMethodInvocation.proceed(ReflectiveMethodInvocation.java:185) ~[spring-aop-5.0.6.RELEASE.jar:5.0.6.RELEASE]
	at org.springframework.aop.framework.CglibAopProxy$DynamicAdvisedInterceptor.intercept(CglibAopProxy.java:688) ~[spring-aop-5.0.6.RELEASE.jar:5.0.6.RELEASE]
	at app.mcgg.rpn.processor.StackProcessor$$EnhancerBySpringCGLIB$$de4edc55.getStackString(<generated>) ~[classes/:?]
	at app.mcgg.rpn.aspect.Aspects.afterCalculationThrowing(Aspects.java:64) ~[classes/:?]
	at jdk.internal.reflect.NativeMethodAccessorImpl.invoke0(Native Method) ~[?:?]
	at jdk.internal.reflect.NativeMethodAccessorImpl.invoke(NativeMethodAccessorImpl.java:62) ~[?:?]
	at jdk.internal.reflect.DelegatingMethodAccessorImpl.invoke(DelegatingMethodAccessorImpl.java:43) ~[?:?]
	at java.lang.reflect.Method.invoke(Method.java:564) ~[?:?]
	at org.springframework.aop.aspectj.AbstractAspectJAdvice.invokeAdviceMethodWithGivenArgs(AbstractAspectJAdvice.java:644) ~[spring-aop-5.0.6.RELEASE.jar:5.0.6.RELEASE]
	at org.springframework.aop.aspectj.AbstractAspectJAdvice.invokeAdviceMethod(AbstractAspectJAdvice.java:626) ~[spring-aop-5.0.6.RELEASE.jar:5.0.6.RELEASE]
	at org.springframework.aop.aspectj.AspectJAfterThrowingAdvice.invoke(AspectJAfterThrowingAdvice.java:66) ~[spring-aop-5.0.6.RELEASE.jar:5.0.6.RELEASE]
	at org.springframework.aop.framework.ReflectiveMethodInvocation.proceed(ReflectiveMethodInvocation.java:185) ~[spring-aop-5.0.6.RELEASE.jar:5.0.6.RELEASE]
	at org.springframework.aop.interceptor.ExposeInvocationInterceptor.invoke(ExposeInvocationInterceptor.java:92) ~[spring-aop-5.0.6.RELEASE.jar:5.0.6.RELEASE]
	at org.springframework.aop.framework.ReflectiveMethodInvocation.proceed(ReflectiveMethodInvocation.java:185) ~[spring-aop-5.0.6.RELEASE.jar:5.0.6.RELEASE]
	at org.springframework.aop.framework.CglibAopProxy$DynamicAdvisedInterceptor.intercept(CglibAopProxy.java:688) ~[spring-aop-5.0.6.RELEASE.jar:5.0.6.RELEASE]
	at app.mcgg.rpn.Calculator$$EnhancerBySpringCGLIB$$c3dbad39.eval(<generated>) ~[classes/:?]
	at app.mcgg.rpn.RpnApplication.run(RpnApplication.java:30) ~[classes/:?]
	at org.springframework.boot.SpringApplication.callRunner(SpringApplication.java:797) ~[spring-boot-2.0.2.RELEASE.jar:2.0.2.RELEASE]
	... 10 more
[32m05-21 22:50:50.324 [INFO] [s.c.a.AnnotationConfigApplicationContext:993] - Closing org.springframework.context.annotation.AnnotationConfigApplicationContext@1dca2c9f: startup date [Mon May 21 22:50:41 CST 2018]; root of context hierarchy
[m[32m05-21 22:50:50.326 [INFO] [       o.s.j.e.a.AnnotationMBeanExporter:451] - Unregistering JMX-exposed beans on shutdown
[m[32m05-21 22:51:19.273 [INFO] [                    a.m.r.RpnApplication: 50] - Starting RpnApplication on m.local with PID 21407 (/Users/mcgg/IdeaProjects/rpn/target/classes started by mcgg in /Users/mcgg/IdeaProjects/rpn)
[m[32m05-21 22:51:19.275 [INFO] [                    a.m.r.RpnApplication:659] - No active profile set, falling back to default profiles: default
[m[32m05-21 22:51:19.306 [INFO] [s.c.a.AnnotationConfigApplicationContext:590] - Refreshing org.springframework.context.annotation.AnnotationConfigApplicationContext@71e09307: startup date [Mon May 21 22:51:19 CST 2018]; root of context hierarchy
[m[32m05-21 22:51:19.929 [INFO] [      o.s.b.d.a.OptionalLiveReloadServer: 57] - LiveReload server is running on port 35729
[m[32m05-21 22:51:19.949 [INFO] [       o.s.j.e.a.AnnotationMBeanExporter:433] - Registering beans for JMX exposure on startup
[m[32m05-21 22:51:19.961 [INFO] [                    a.m.r.RpnApplication: 59] - Started RpnApplication in 0.852 seconds (JVM running for 6.577)
[m[32m05-21 22:51:23.063 [INFO] [                         a.m.r.a.Aspects: 30] - =============+[Start Calculating]+===============
[m[32m05-21 22:51:23.073 [INFO] [                         a.m.r.a.Aspects: 31] - [Aspect] : Calculator [stack]: 
[m[32m05-21 22:51:23.080 [INFO] [                         a.m.r.a.Aspects: 56] - result: 1 2 3
[m[32m05-21 22:51:23.081 [INFO] [                         a.m.r.a.Aspects: 57] - =============+[Calculation Finished]+===============
[m[32m05-21 22:51:29.809 [INFO] [                         a.m.r.a.Aspects: 30] - =============+[Start Calculating]+===============
[m[32m05-21 22:51:29.810 [INFO] [                         a.m.r.a.Aspects: 31] - [Aspect] : Calculator [stack]: 1 2 3
[m[32m05-21 22:51:29.812 [INFO] [                         a.m.r.a.Aspects: 51] - stack: 1 2 3Clear
[m[32m05-21 22:51:29.812 [INFO] [                         a.m.r.a.Aspects: 56] - result: 
[m[32m05-21 22:51:29.812 [INFO] [                         a.m.r.a.Aspects: 57] - =============+[Calculation Finished]+===============
[m[32m05-21 22:51:33.049 [INFO] [                         a.m.r.a.Aspects: 30] - =============+[Start Calculating]+===============
[m[32m05-21 22:51:33.050 [INFO] [                         a.m.r.a.Aspects: 31] - [Aspect] : Calculator [stack]: 
[m[32m05-21 22:51:33.066 [INFO] [                         a.m.r.a.Aspects: 39] - stack: 1 2 3 4	 Detail: 5 Sqrt 
[m[32m05-21 22:51:33.068 [INFO] [                         a.m.r.a.Aspects: 56] - result: 1 2 3 4 2.2360679774
[m[32m05-21 22:51:33.068 [INFO] [                         a.m.r.a.Aspects: 57] - =============+[Calculation Finished]+===============
[m[32m05-21 22:51:56.450 [INFO] [s.c.a.AnnotationConfigApplicationContext:993] - Closing org.springframework.context.annotation.AnnotationConfigApplicationContext@71e09307: startup date [Mon May 21 22:51:19 CST 2018]; root of context hierarchy
[m[32m05-21 22:52:03.890 [INFO] [                    a.m.r.RpnApplication: 50] - Starting RpnApplication on m.local with PID 21430 (/Users/mcgg/IdeaProjects/rpn/target/classes started by mcgg in /Users/mcgg/IdeaProjects/rpn)
[m[32m05-21 22:52:03.893 [INFO] [                    a.m.r.RpnApplication:659] - No active profile set, falling back to default profiles: default
[m[32m05-21 22:52:03.923 [INFO] [s.c.a.AnnotationConfigApplicationContext:590] - Refreshing org.springframework.context.annotation.AnnotationConfigApplicationContext@4db2f1e6: startup date [Mon May 21 22:52:03 CST 2018]; root of context hierarchy
[m[32m05-21 22:52:04.533 [INFO] [      o.s.b.d.a.OptionalLiveReloadServer: 57] - LiveReload server is running on port 35729
[m[32m05-21 22:52:04.556 [INFO] [       o.s.j.e.a.AnnotationMBeanExporter:433] - Registering beans for JMX exposure on startup
[m[32m05-21 22:52:04.568 [INFO] [                    a.m.r.RpnApplication: 59] - Started RpnApplication in 0.841 seconds (JVM running for 6.566)
[m[32m05-21 23:28:06.266 [INFO] [s.c.a.AnnotationConfigApplicationContext:993] - Closing org.springframework.context.annotation.AnnotationConfigApplicationContext@4db2f1e6: startup date [Mon May 21 22:52:03 CST 2018]; root of context hierarchy
[m[32m05-21 23:28:06.269 [INFO] [       o.s.j.e.a.AnnotationMBeanExporter:451] - Unregistering JMX-exposed beans on shutdown
[m[32m05-21 23:28:11.421 [INFO] [                    a.m.r.RpnApplication: 50] - Starting RpnApplication on m.local with PID 21430 (/Users/mcgg/IdeaProjects/rpn/target/classes started by mcgg in /Users/mcgg/IdeaProjects/rpn)
[m[32m05-21 23:28:11.421 [INFO] [                    a.m.r.RpnApplication:659] - No active profile set, falling back to default profiles: default
[m[32m05-21 23:28:11.424 [INFO] [s.c.a.AnnotationConfigApplicationContext:590] - Refreshing org.springframework.context.annotation.AnnotationConfigApplicationContext@30acc3d1: startup date [Mon May 21 23:28:11 CST 2018]; root of context hierarchy
[m[32m05-21 23:28:11.621 [INFO] [      o.s.b.d.a.OptionalLiveReloadServer: 57] - LiveReload server is running on port 35729
[m[32m05-21 23:28:11.627 [INFO] [       o.s.j.e.a.AnnotationMBeanExporter:433] - Registering beans for JMX exposure on startup
[m[32m05-21 23:28:11.632 [INFO] [                    a.m.r.RpnApplication: 59] - Started RpnApplication in 5.245 seconds (JVM running for 2092.207)
[m