[32m05-23 00:28:57.491 [INFO] [a.m.r.RpnApplication: 50] - Starting RpnApplication on m.local with PID 25789 (/Users/mcgg/IdeaProjects/rpn/target/classes started by mcgg in /Users/mcgg/IdeaProjects/rpn)
[m[32m05-23 00:28:57.494 [INFO] [a.m.r.RpnApplication:659] - No active profile set, falling back to default profiles: default
[m[32m05-23 00:28:57.522 [INFO] [igApplicationContext:590] - Refreshing org.springframework.context.annotation.AnnotationConfigApplicationContext@25fbc5f9: startup date [Wed May 23 00:28:57 CST 2018]; root of context hierarchy
[m[32m05-23 00:28:58.146 [INFO] [onalLiveReloadServer: 57] - LiveReload server is running on port 35729
[m[32m05-23 00:28:58.164 [INFO] [otationMBeanExporter:433] - Registering beans for JMX exposure on startup
[m[32m05-23 00:28:58.177 [INFO] [a.m.r.RpnApplication: 59] - Started RpnApplication in 0.847 seconds (JVM running for 6.591)
[m[32m05-23 00:29:17.191 [INFO] [     a.m.r.a.Aspects: 27] - =============+[Start Calculating]+===============
[m[32m05-23 00:29:17.197 [INFO] [     a.m.r.a.Aspects: 28] - stack: []
[m[32m05-23 00:29:17.202 [INFO] [     a.m.r.a.Aspects: 51] - stack: [1] Detail: Push
[m[32m05-23 00:29:17.202 [INFO] [     a.m.r.a.Aspects: 51] - stack: [1 2] Detail: Push
[m[32m05-23 00:29:17.202 [INFO] [     a.m.r.a.Aspects: 51] - stack: [1 2 3] Detail: Push
[m[32m05-23 00:29:17.203 [INFO] [     a.m.r.a.Aspects: 51] - stack: [1 2 3 4] Detail: Push
[m[32m05-23 00:29:17.203 [INFO] [     a.m.r.a.Aspects: 51] - stack: [1 2 3 4 5] Detail: Push
[m[32m05-23 00:29:17.207 [INFO] [     a.m.r.a.Aspects: 36] - stack: [1 2 3] Detail: 4 Divide 5
[m[32m05-23 00:29:17.208 [INFO] [     a.m.r.a.Aspects: 51] - stack: [1 2 3 0.8] Detail: Push
[m[32m05-23 00:29:17.211 [INFO] [     a.m.r.a.Aspects: 36] - stack: [1 2] Detail: 3 Add 0.8
[m[32m05-23 00:29:17.212 [INFO] [     a.m.r.a.Aspects: 51] - stack: [1 2 3.8] Detail: Push
[m[32m05-23 00:29:17.212 [INFO] [     a.m.r.a.Aspects: 51] - stack: [1 2 3.8 0] Detail: Push
[m[32m05-23 00:29:17.213 [INFO] [     a.m.r.a.Aspects: 36] - stack: [1 2] Detail: 3.8 Divide 0
[m[34m05-23 00:29:17.213 [WARN] [     a.m.r.a.Aspects: 63] - operator / (position: 16): Cannot divide by 0!
[m[34m05-23 00:29:17.213 [WARN] [     a.m.r.a.Aspects: 64] - stack: [1 2]
[m[34m05-23 00:29:17.214 [WARN] [     a.m.r.a.Aspects: 65] - =============+[Calculation Finished with error]+===============
[m[32m05-23 00:34:10.577 [INFO] [     a.m.r.a.Aspects: 27] - =============+[Start Calculating]+===============
[m[32m05-23 00:34:10.577 [INFO] [     a.m.r.a.Aspects: 28] - stack: [1 2]
[m[32m05-23 00:34:10.578 [INFO] [     a.m.r.a.Aspects: 46] - stack: [1 2] Detail: Clear
[m[32m05-23 00:34:10.578 [INFO] [     a.m.r.a.Aspects: 56] - result stack: []
[m[32m05-23 00:34:10.578 [INFO] [     a.m.r.a.Aspects: 57] - =============+[Calculation Finished]+===============
[m[32m05-23 00:34:12.048 [INFO] [     a.m.r.a.Aspects: 27] - =============+[Start Calculating]+===============
[m[32m05-23 00:34:12.048 [INFO] [     a.m.r.a.Aspects: 28] - stack: []
[m[32m05-23 00:34:12.049 [INFO] [     a.m.r.a.Aspects: 41] - stack: [] Detail: Undo
[m[32m05-23 00:34:12.051 [INFO] [eportLoggingListener:101] - 

Error starting ApplicationContext. To display the conditions report re-run your application with 'debug' enabled.
[m[31m05-23 00:34:12.068 [ERROR] [.b.SpringApplication:842] - Application run failed
[m java.lang.IllegalStateException: Failed to execute CommandLineRunner
	at org.springframework.boot.SpringApplication.callRunner(SpringApplication.java:800) [spring-boot-2.0.2.RELEASE.jar:2.0.2.RELEASE]
	at org.springframework.boot.SpringApplication.callRunners(SpringApplication.java:781) [spring-boot-2.0.2.RELEASE.jar:2.0.2.RELEASE]
	at org.springframework.boot.SpringApplication.run(SpringApplication.java:335) [spring-boot-2.0.2.RELEASE.jar:2.0.2.RELEASE]
	at org.springframework.boot.SpringApplication.run(SpringApplication.java:1255) [spring-boot-2.0.2.RELEASE.jar:2.0.2.RELEASE]
	at org.springframework.boot.SpringApplication.run(SpringApplication.java:1243) [spring-boot-2.0.2.RELEASE.jar:2.0.2.RELEASE]
	at app.mcgg.rpn.RpnApplication.main(RpnApplication.java:21) [classes/:?]
	at jdk.internal.reflect.NativeMethodAccessorImpl.invoke0(Native Method) ~[?:?]
	at jdk.internal.reflect.NativeMethodAccessorImpl.invoke(NativeMethodAccessorImpl.java:62) ~[?:?]
	at jdk.internal.reflect.DelegatingMethodAccessorImpl.invoke(DelegatingMethodAccessorImpl.java:43) ~[?:?]
	at java.lang.reflect.Method.invoke(Method.java:564) ~[?:?]
	at org.springframework.boot.devtools.restart.RestartLauncher.run(RestartLauncher.java:49) [spring-boot-devtools-2.0.2.RELEASE.jar:2.0.2.RELEASE]
Caused by: java.util.EmptyStackException
	at java.util.Stack.peek(Stack.java:102) ~[?:?]
	at java.util.Stack.pop(Stack.java:84) ~[?:?]
	at app.mcgg.rpn.util.RPNStack.pop(RPNStack.java:24) ~[classes/:?]
	at app.mcgg.rpn.processor.StackProcessor.undo(StackProcessor.java:39) ~[classes/:?]
	at app.mcgg.rpn.processor.StackProcessor$$FastClassBySpringCGLIB$$c22e2b8f.invoke(<generated>) ~[classes/:?]
	at org.springframework.cglib.proxy.MethodProxy.invoke(MethodProxy.java:204) ~[spring-core-5.0.6.RELEASE.jar:5.0.6.RELEASE]
	at org.springframework.aop.framework.CglibAopProxy$CglibMethodInvocation.invokeJoinpoint(CglibAopProxy.java:746) ~[spring-aop-5.0.6.RELEASE.jar:5.0.6.RELEASE]
	at org.springframework.aop.framework.ReflectiveMethodInvocation.proceed(ReflectiveMethodInvocation.java:163) ~[spring-aop-5.0.6.RELEASE.jar:5.0.6.RELEASE]
	at org.springframework.aop.framework.adapter.MethodBeforeAdviceInterceptor.invoke(MethodBeforeAdviceInterceptor.java:52) ~[spring-aop-5.0.6.RELEASE.jar:5.0.6.RELEASE]
	at org.springframework.aop.framework.ReflectiveMethodInvocation.proceed(ReflectiveMethodInvocation.java:185) ~[spring-aop-5.0.6.RELEASE.jar:5.0.6.RELEASE]
	at org.springframework.aop.interceptor.ExposeInvocationInterceptor.invoke(ExposeInvocationInterceptor.java:92) ~[spring-aop-5.0.6.RELEASE.jar:5.0.6.RELEASE]
	at org.springframework.aop.framework.ReflectiveMethodInvocation.proceed(ReflectiveMethodInvocation.java:185) ~[spring-aop-5.0.6.RELEASE.jar:5.0.6.RELEASE]
	at org.springframework.aop.framework.CglibAopProxy$DynamicAdvisedInterceptor.intercept(CglibAopProxy.java:688) ~[spring-aop-5.0.6.RELEASE.jar:5.0.6.RELEASE]
	at app.mcgg.rpn.processor.StackProcessor$$EnhancerBySpringCGLIB$$64ca1970.undo(<generated>) ~[classes/:?]
	at app.mcgg.rpn.processor.FormulaProcessor.processOperator(FormulaProcessor.java:43) ~[classes/:?]
	at app.mcgg.rpn.processor.Calculator.eval(Calculator.java:27) ~[classes/:?]
	at app.mcgg.rpn.processor.Calculator$$FastClassBySpringCGLIB$$86fcae27.invoke(<generated>) ~[classes/:?]
	at org.springframework.cglib.proxy.MethodProxy.invoke(MethodProxy.java:204) ~[spring-core-5.0.6.RELEASE.jar:5.0.6.RELEASE]
	at org.springframework.aop.framework.CglibAopProxy$CglibMethodInvocation.invokeJoinpoint(CglibAopProxy.java:746) ~[spring-aop-5.0.6.RELEASE.jar:5.0.6.RELEASE]
	at org.springframework.aop.framework.ReflectiveMethodInvocation.proceed(ReflectiveMethodInvocation.java:163) ~[spring-aop-5.0.6.RELEASE.jar:5.0.6.RELEASE]
	at org.springframework.aop.framework.adapter.MethodBeforeAdviceInterceptor.invoke(MethodBeforeAdviceInterceptor.java:52) ~[spring-aop-5.0.6.RELEASE.jar:5.0.6.RELEASE]
	at org.springframework.aop.framework.ReflectiveMethodInvocation.proceed(ReflectiveMethodInvocation.java:174) ~[spring-aop-5.0.6.RELEASE.jar:5.0.6.RELEASE]
	at org.springframework.aop.framework.adapter.AfterReturningAdviceInterceptor.invoke(AfterReturningAdviceInterceptor.java:52) ~[spring-aop-5.0.6.RELEASE.jar:5.0.6.RELEASE]
	at org.springframework.aop.framework.ReflectiveMethodInvocation.proceed(ReflectiveMethodInvocation.java:185) ~[spring-aop-5.0.6.RELEASE.jar:5.0.6.RELEASE]
	at org.springframework.aop.aspectj.AspectJAfterThrowingAdvice.invoke(AspectJAfterThrowingAdvice.java:62) ~[spring-aop-5.0.6.RELEASE.jar:5.0.6.RELEASE]
	at org.springframework.aop.framework.ReflectiveMethodInvocation.proceed(ReflectiveMethodInvocation.java:185) ~[spring-aop-5.0.6.RELEASE.jar:5.0.6.RELEASE]
	at org.springframework.aop.interceptor.ExposeInvocationInterceptor.invoke(ExposeInvocationInterceptor.java:92) ~[spring-aop-5.0.6.RELEASE.jar:5.0.6.RELEASE]
	at org.springframework.aop.framework.ReflectiveMethodInvocation.proceed(ReflectiveMethodInvocation.java:185) ~[spring-aop-5.0.6.RELEASE.jar:5.0.6.RELEASE]
	at org.springframework.aop.framework.CglibAopProxy$DynamicAdvisedInterceptor.intercept(CglibAopProxy.java:688) ~[spring-aop-5.0.6.RELEASE.jar:5.0.6.RELEASE]
	at app.mcgg.rpn.processor.Calculator$$EnhancerBySpringCGLIB$$99689f18.eval(<generated>) ~[classes/:?]
	at app.mcgg.rpn.RpnApplication.run(RpnApplication.java:33) ~[classes/:?]
	at org.springframework.boot.SpringApplication.callRunner(SpringApplication.java:797) ~[spring-boot-2.0.2.RELEASE.jar:2.0.2.RELEASE]
	... 10 more
[32m05-23 00:34:12.075 [INFO] [igApplicationContext:993] - Closing org.springframework.context.annotation.AnnotationConfigApplicationContext@25fbc5f9: startup date [Wed May 23 00:28:57 CST 2018]; root of context hierarchy
[m[32m05-23 00:34:12.076 [INFO] [otationMBeanExporter:451] - Unregistering JMX-exposed beans on shutdown
[m[32m05-23 00:37:16.919 [INFO] [a.m.r.RpnApplication: 50] - Starting RpnApplication on m.local with PID 25860 (/Users/mcgg/IdeaProjects/rpn/target/classes started by mcgg in /Users/mcgg/IdeaProjects/rpn)
[m[32m05-23 00:37:16.921 [INFO] [a.m.r.RpnApplication:659] - No active profile set, falling back to default profiles: default
[m[32m05-23 00:37:16.949 [INFO] [igApplicationContext:590] - Refreshing org.springframework.context.annotation.AnnotationConfigApplicationContext@608ec391: startup date [Wed May 23 00:37:16 CST 2018]; root of context hierarchy
[m[32m05-23 00:37:17.553 [INFO] [onalLiveReloadServer: 57] - LiveReload server is running on port 35729
[m[32m05-23 00:37:17.571 [INFO] [otationMBeanExporter:433] - Registering beans for JMX exposure on startup
[m[32m05-23 00:37:17.584 [INFO] [a.m.r.RpnApplication: 59] - Started RpnApplication in 0.831 seconds (JVM running for 6.561)
[m[32m05-23 00:37:27.302 [INFO] [     a.m.r.a.Aspects: 27] - =============+[Start Calculating]+===============
[m[32m05-23 00:37:27.308 [INFO] [     a.m.r.a.Aspects: 28] - stack: []
[m[32m05-23 00:37:27.314 [INFO] [     a.m.r.a.Aspects: 41] - stack: [] Detail: Undo
[m[34m05-23 00:37:27.314 [WARN] [     a.m.r.a.Aspects: 63] - operator undo (position: 0): insufficient operands
[m[34m05-23 00:37:27.315 [WARN] [     a.m.r.a.Aspects: 64] - stack: []
[m[34m05-23 00:37:27.315 [WARN] [     a.m.r.a.Aspects: 65] - =============+[Calculation Finished with error]+===============
[m[32m05-23 00:37:40.760 [INFO] [     a.m.r.a.Aspects: 27] - =============+[Start Calculating]+===============
[m[32m05-23 00:37:40.761 [INFO] [     a.m.r.a.Aspects: 28] - stack: []
[m[32m05-23 00:37:40.761 [INFO] [     a.m.r.a.Aspects: 51] - stack: [1] Detail: Push
[m[32m05-23 00:37:40.762 [INFO] [     a.m.r.a.Aspects: 51] - stack: [1 2] Detail: Push
[m[32m05-23 00:37:40.762 [INFO] [     a.m.r.a.Aspects: 51] - stack: [1 2 3] Detail: Push
[m[32m05-23 00:37:40.763 [INFO] [     a.m.r.a.Aspects: 51] - stack: [1 2 3 4] Detail: Push
[m[32m05-23 00:37:40.763 [INFO] [     a.m.r.a.Aspects: 51] - stack: [1 2 3 4 5] Detail: Push
[m[32m05-23 00:37:40.768 [INFO] [     a.m.r.a.Aspects: 36] - stack: [1 2 3] Detail: 4 Divide 5
[m[32m05-23 00:37:40.768 [INFO] [     a.m.r.a.Aspects: 51] - stack: [1 2 3 0.8] Detail: Push
[m[32m05-23 00:37:40.772 [INFO] [     a.m.r.a.Aspects: 36] - stack: [1 2] Detail: 3 Add 0.8
[m[32m05-23 00:37:40.772 [INFO] [     a.m.r.a.Aspects: 51] - stack: [1 2 3.8] Detail: Push
[m[32m05-23 00:37:40.773 [INFO] [     a.m.r.a.Aspects: 51] - stack: [1 2 3.8 0] Detail: Push
[m[32m05-23 00:37:40.773 [INFO] [     a.m.r.a.Aspects: 36] - stack: [1 2] Detail: 3.8 Divide 0
[m[34m05-23 00:37:40.773 [WARN] [     a.m.r.a.Aspects: 63] - operator / (position: 15): Cannot divide by 0!
[m[34m05-23 00:37:40.774 [WARN] [     a.m.r.a.Aspects: 64] - stack: [1 2]
[m[34m05-23 00:37:40.774 [WARN] [     a.m.r.a.Aspects: 65] - =============+[Calculation Finished with error]+===============
[m[32m05-23 00:38:38.653 [INFO] [     a.m.r.a.Aspects: 27] - =============+[Start Calculating]+===============
[m[32m05-23 00:38:38.655 [INFO] [     a.m.r.a.Aspects: 28] - stack: [1 2]
[m[32m05-23 00:38:38.656 [INFO] [     a.m.r.a.Aspects: 51] - stack: [1 2 1] Detail: Push
[m[32m05-23 00:38:38.657 [INFO] [     a.m.r.a.Aspects: 51] - stack: [1 2 1 2] Detail: Push
[m[32m05-23 00:38:38.658 [INFO] [     a.m.r.a.Aspects: 51] - stack: [1 2 1 2 3] Detail: Push
[m[32m05-23 00:38:38.662 [INFO] [     a.m.r.a.Aspects: 36] - stack: [1 2 1] Detail: 2 Multiply 3
[m[32m05-23 00:38:38.662 [INFO] [     a.m.r.a.Aspects: 51] - stack: [1 2 1 6] Detail: Push
[m[32m05-23 00:38:38.663 [INFO] [     a.m.r.a.Aspects: 51] - stack: [1 2 1 6 5] Detail: Push
[m[32m05-23 00:38:38.663 [INFO] [     a.m.r.a.Aspects: 36] - stack: [1 2 1] Detail: 6 Add 5
[m[32m05-23 00:38:38.663 [INFO] [     a.m.r.a.Aspects: 51] - stack: [1 2 1 11] Detail: Push
[m[32m05-23 00:38:38.664 [INFO] [     a.m.r.a.Aspects: 36] - stack: [1 2] Detail: 1 Multiply 11
[m[32m05-23 00:38:38.664 [INFO] [     a.m.r.a.Aspects: 51] - stack: [1 2 11] Detail: Push
[m[32m05-23 00:38:38.664 [INFO] [     a.m.r.a.Aspects: 36] - stack: [1] Detail: 2 Multiply 11
[m[32m05-23 00:38:38.665 [INFO] [     a.m.r.a.Aspects: 51] - stack: [1 22] Detail: Push
[m[32m05-23 00:38:38.665 [INFO] [     a.m.r.a.Aspects: 51] - stack: [1 22 6] Detail: Push
[m[32m05-23 00:38:38.665 [INFO] [     a.m.r.a.Aspects: 51] - stack: [1 22 6 5] Detail: Push
[m[32m05-23 00:38:38.666 [INFO] [     a.m.r.a.Aspects: 56] - result stack: [1 22 6 5]
[m[32m05-23 00:38:38.666 [INFO] [     a.m.r.a.Aspects: 57] - =============+[Calculation Finished]+===============
[m[32m05-23 00:38:40.509 [INFO] [     a.m.r.a.Aspects: 27] - =============+[Start Calculating]+===============
[m[32m05-23 00:38:40.510 [INFO] [     a.m.r.a.Aspects: 28] - stack: [1 22 6 5]
[m[32m05-23 00:38:40.510 [INFO] [     a.m.r.a.Aspects: 46] - stack: [1 22 6 5] Detail: Clear
[m[32m05-23 00:38:40.511 [INFO] [     a.m.r.a.Aspects: 56] - result stack: []
[m[32m05-23 00:38:40.511 [INFO] [     a.m.r.a.Aspects: 57] - =============+[Calculation Finished]+===============
[m[32m05-23 00:38:43.736 [INFO] [     a.m.r.a.Aspects: 27] - =============+[Start Calculating]+===============
[m[32m05-23 00:38:43.737 [INFO] [     a.m.r.a.Aspects: 28] - stack: []
[m[32m05-23 00:38:43.738 [INFO] [     a.m.r.a.Aspects: 51] - stack: [1] Detail: Push
[m[32m05-23 00:38:43.740 [INFO] [     a.m.r.a.Aspects: 51] - stack: [1 2] Detail: Push
[m[32m05-23 00:38:43.741 [INFO] [     a.m.r.a.Aspects: 51] - stack: [1 2 3] Detail: Push
[m[32m05-23 00:38:43.742 [INFO] [     a.m.r.a.Aspects: 36] - stack: [1] Detail: 2 Multiply 3
[m[32m05-23 00:38:43.742 [INFO] [     a.m.r.a.Aspects: 51] - stack: [1 6] Detail: Push
[m[32m05-23 00:38:43.742 [INFO] [     a.m.r.a.Aspects: 51] - stack: [1 6 5] Detail: Push
[m[32m05-23 00:38:43.743 [INFO] [     a.m.r.a.Aspects: 36] - stack: [1] Detail: 6 Add 5
[m[32m05-23 00:38:43.743 [INFO] [     a.m.r.a.Aspects: 51] - stack: [1 11] Detail: Push
[m[32m05-23 00:38:43.744 [INFO] [     a.m.r.a.Aspects: 36] - stack: [] Detail: 1 Multiply 11
[m[32m05-23 00:38:43.744 [INFO] [     a.m.r.a.Aspects: 51] - stack: [11] Detail: Push
[m[34m05-23 00:38:43.744 [WARN] [     a.m.r.a.Aspects: 63] - operator * (position: 15): insufficient operands
[m[34m05-23 00:38:43.745 [WARN] [     a.m.r.a.Aspects: 64] - stack: [11]
[m[34m05-23 00:38:43.745 [WARN] [     a.m.r.a.Aspects: 65] - =============+[Calculation Finished with error]+===============
[m[32m05-23 00:39:22.444 [INFO] [     a.m.r.a.Aspects: 27] - =============+[Start Calculating]+===============
[m[32m05-23 00:39:22.444 [INFO] [     a.m.r.a.Aspects: 28] - stack: [11]
[m[32m05-23 00:39:22.445 [INFO] [     a.m.r.a.Aspects: 41] - stack: [11] Detail: Undo
[m[32m05-23 00:39:22.445 [INFO] [     a.m.r.a.Aspects: 56] - result stack: [1 11]
[m[32m05-23 00:39:22.445 [INFO] [     a.m.r.a.Aspects: 57] - =============+[Calculation Finished]+===============
[m[32m05-23 00:39:25.124 [INFO] [     a.m.r.a.Aspects: 27] - =============+[Start Calculating]+===============
[m[32m05-23 00:39:25.124 [INFO] [     a.m.r.a.Aspects: 28] - stack: [1 11]
[m[32m05-23 00:39:25.125 [INFO] [     a.m.r.a.Aspects: 41] - stack: [1 11] Detail: Undo
[m[32m05-23 00:39:25.125 [INFO] [     a.m.r.a.Aspects: 56] - result stack: [1 6 5]
[m[32m05-23 00:39:25.125 [INFO] [     a.m.r.a.Aspects: 57] - =============+[Calculation Finished]+===============
[m[32m05-23 00:39:26.244 [INFO] [     a.m.r.a.Aspects: 27] - =============+[Start Calculating]+===============
[m[32m05-23 00:39:26.244 [INFO] [     a.m.r.a.Aspects: 28] - stack: [1 6 5]
[m[32m05-23 00:39:26.245 [INFO] [     a.m.r.a.Aspects: 41] - stack: [1 6 5] Detail: Undo
[m[32m05-23 00:39:26.245 [INFO] [     a.m.r.a.Aspects: 56] - result stack: [1 6]
[m[32m05-23 00:39:26.245 [INFO] [     a.m.r.a.Aspects: 57] - =============+[Calculation Finished]+===============
[m[32m05-23 00:39:27.236 [INFO] [     a.m.r.a.Aspects: 27] - =============+[Start Calculating]+===============
[m[32m05-23 00:39:27.236 [INFO] [     a.m.r.a.Aspects: 28] - stack: [1 6]
[m[32m05-23 00:39:27.237 [INFO] [     a.m.r.a.Aspects: 41] - stack: [1 6] Detail: Undo
[m[32m05-23 00:39:27.237 [INFO] [     a.m.r.a.Aspects: 56] - result stack: [1 2 3]
[m[32m05-23 00:39:27.237 [INFO] [     a.m.r.a.Aspects: 57] - =============+[Calculation Finished]+===============
[m[32m05-23 00:39:28.172 [INFO] [     a.m.r.a.Aspects: 27] - =============+[Start Calculating]+===============
[m[32m05-23 00:39:28.172 [INFO] [     a.m.r.a.Aspects: 28] - stack: [1 2 3]
[m[32m05-23 00:39:28.173 [INFO] [     a.m.r.a.Aspects: 41] - stack: [1 2 3] Detail: Undo
[m[32m05-23 00:39:28.173 [INFO] [     a.m.r.a.Aspects: 56] - result stack: [1 2]
[m[32m05-23 00:39:28.173 [INFO] [     a.m.r.a.Aspects: 57] - =============+[Calculation Finished]+===============
[m[32m05-23 00:39:29.107 [INFO] [     a.m.r.a.Aspects: 27] - =============+[Start Calculating]+===============
[m[32m05-23 00:39:29.108 [INFO] [     a.m.r.a.Aspects: 28] - stack: [1 2]
[m[32m05-23 00:39:29.109 [INFO] [     a.m.r.a.Aspects: 41] - stack: [1 2] Detail: Undo
[m[32m05-23 00:39:29.109 [INFO] [     a.m.r.a.Aspects: 56] - result stack: [1]
[m[32m05-23 00:39:29.109 [INFO] [     a.m.r.a.Aspects: 57] - =============+[Calculation Finished]+===============
[m[32m05-23 00:39:31.683 [INFO] [     a.m.r.a.Aspects: 27] - =============+[Start Calculating]+===============
[m[32m05-23 00:39:31.685 [INFO] [     a.m.r.a.Aspects: 28] - stack: [1]
[m[32m05-23 00:39:31.685 [INFO] [     a.m.r.a.Aspects: 41] - stack: [1] Detail: Undo
[m[32m05-23 00:39:31.686 [INFO] [     a.m.r.a.Aspects: 56] - result stack: []
[m[32m05-23 00:39:31.686 [INFO] [     a.m.r.a.Aspects: 57] - =============+[Calculation Finished]+===============
[m[32m05-23 00:39:32.851 [INFO] [     a.m.r.a.Aspects: 27] - =============+[Start Calculating]+===============
[m[32m05-23 00:39:32.852 [INFO] [     a.m.r.a.Aspects: 28] - stack: []
[m[32m05-23 00:39:32.852 [INFO] [     a.m.r.a.Aspects: 41] - stack: [] Detail: Undo
[m[34m05-23 00:39:32.853 [WARN] [     a.m.r.a.Aspects: 63] - operator undo (position: 20): insufficient operands
[m[34m05-23 00:39:32.853 [WARN] [     a.m.r.a.Aspects: 64] - stack: []
[m[34m05-23 00:39:32.853 [WARN] [     a.m.r.a.Aspects: 65] - =============+[Calculation Finished with error]+===============
[m[32m05-23 00:40:06.101 [INFO] [igApplicationContext:993] - Closing org.springframework.context.annotation.AnnotationConfigApplicationContext@608ec391: startup date [Wed May 23 00:37:16 CST 2018]; root of context hierarchy
[m[32m05-23 00:40:14.048 [INFO] [a.m.r.RpnApplication: 50] - Starting RpnApplication on m.local with PID 25887 (/Users/mcgg/IdeaProjects/rpn/target/classes started by mcgg in /Users/mcgg/IdeaProjects/rpn)
[m[32m05-23 00:40:14.051 [INFO] [a.m.r.RpnApplication:659] - No active profile set, falling back to default profiles: default
[m[32m05-23 00:40:14.080 [INFO] [igApplicationContext:590] - Refreshing org.springframework.context.annotation.AnnotationConfigApplicationContext@35b7565b: startup date [Wed May 23 00:40:14 CST 2018]; root of context hierarchy
[m[32m05-23 00:40:14.682 [INFO] [onalLiveReloadServer: 57] - LiveReload server is running on port 35729
[m[32m05-23 00:40:14.701 [INFO] [otationMBeanExporter:433] - Registering beans for JMX exposure on startup
[m[32m05-23 00:40:14.713 [INFO] [a.m.r.RpnApplication: 59] - Started RpnApplication in 0.826 seconds (JVM running for 6.544)
[m[32m05-23 00:40:26.205 [INFO] [     a.m.r.a.Aspects: 27] - =============+[Start Calculating]+===============
[m[32m05-23 00:40:26.212 [INFO] [     a.m.r.a.Aspects: 28] - stack: []
[m[32m05-23 00:40:26.218 [INFO] [     a.m.r.a.Aspects: 51] - stack: [1] Detail: Push
[m[32m05-23 00:40:26.218 [INFO] [     a.m.r.a.Aspects: 51] - stack: [1 2] Detail: Push
[m[32m05-23 00:40:26.219 [INFO] [     a.m.r.a.Aspects: 51] - stack: [1 2 3] Detail: Push
[m[32m05-23 00:40:26.226 [INFO] [     a.m.r.a.Aspects: 36] - stack: [1] Detail: 2 Multiply 3
[m[32m05-23 00:40:26.227 [INFO] [     a.m.r.a.Aspects: 51] - stack: [1 6] Detail: Push
[m[32m05-23 00:40:26.227 [INFO] [     a.m.r.a.Aspects: 51] - stack: [1 6 5] Detail: Push
[m[32m05-23 00:40:26.231 [INFO] [     a.m.r.a.Aspects: 36] - stack: [1] Detail: 6 Add 5
[m[32m05-23 00:40:26.232 [INFO] [     a.m.r.a.Aspects: 51] - stack: [1 11] Detail: Push
[m[32m05-23 00:40:26.232 [INFO] [     a.m.r.a.Aspects: 36] - stack: [] Detail: 1 Multiply 11
[m[32m05-23 00:40:26.232 [INFO] [     a.m.r.a.Aspects: 51] - stack: [11] Detail: Push
[m[34m05-23 00:40:26.233 [WARN] [     a.m.r.a.Aspects: 63] - operator * (position: 15): insufficient operands
[m[34m05-23 00:40:26.233 [WARN] [     a.m.r.a.Aspects: 64] - stack: [11]
[m[34m05-23 00:40:26.234 [WARN] [     a.m.r.a.Aspects: 65] - =============+[Calculation Finished with error]+===============
[m[32m05-23 00:40:27.889 [INFO] [     a.m.r.a.Aspects: 27] - =============+[Start Calculating]+===============
[m[32m05-23 00:40:27.890 [INFO] [     a.m.r.a.Aspects: 28] - stack: [11]
[m[32m05-23 00:40:27.890 [INFO] [     a.m.r.a.Aspects: 41] - stack: [11] Detail: Undo
[m[32m05-23 00:40:27.891 [INFO] [     a.m.r.a.Aspects: 56] - result stack: [1 11]
[m[32m05-23 00:40:27.891 [INFO] [     a.m.r.a.Aspects: 57] - =============+[Calculation Finished]+===============
[m[32m05-23 00:40:32.313 [INFO] [     a.m.r.a.Aspects: 27] - =============+[Start Calculating]+===============
[m[32m05-23 00:40:32.314 [INFO] [     a.m.r.a.Aspects: 28] - stack: [1 11]
[m[32m05-23 00:40:32.314 [INFO] [     a.m.r.a.Aspects: 41] - stack: [1 11] Detail: Undo
[m[32m05-23 00:40:32.314 [INFO] [     a.m.r.a.Aspects: 56] - result stack: [1 6 5]
[m[32m05-23 00:40:32.315 [INFO] [     a.m.r.a.Aspects: 57] - =============+[Calculation Finished]+===============
[m[32m05-23 00:40:33.498 [INFO] [     a.m.r.a.Aspects: 27] - =============+[Start Calculating]+===============
[m[32m05-23 00:40:33.499 [INFO] [     a.m.r.a.Aspects: 28] - stack: [1 6 5]
[m[32m05-23 00:40:33.499 [INFO] [     a.m.r.a.Aspects: 46] - stack: [1 6 5] Detail: Clear
[m[32m05-23 00:40:33.499 [INFO] [     a.m.r.a.Aspects: 56] - result stack: []
[m[32m05-23 00:40:33.500 [INFO] [     a.m.r.a.Aspects: 57] - =============+[Calculation Finished]+===============
[m[32m05-23 00:40:35.385 [INFO] [     a.m.r.a.Aspects: 27] - =============+[Start Calculating]+===============
[m[32m05-23 00:40:35.386 [INFO] [     a.m.r.a.Aspects: 28] - stack: []
[m[32m05-23 00:40:35.386 [INFO] [     a.m.r.a.Aspects: 41] - stack: [] Detail: Undo
[m[34m05-23 00:40:35.387 [WARN] [     a.m.r.a.Aspects: 63] - operator undo (position: 0): insufficient operands
[m[34m05-23 00:40:35.387 [WARN] [     a.m.r.a.Aspects: 64] - stack: []
[m[34m05-23 00:40:35.387 [WARN] [     a.m.r.a.Aspects: 65] - =============+[Calculation Finished with error]+===============
[m[32m05-23 00:43:43.843 [INFO] [     a.m.r.a.Aspects: 27] - =============+[Start Calculating]+===============
[m[32m05-23 00:43:43.843 [INFO] [     a.m.r.a.Aspects: 28] - stack: []
[m[32m05-23 00:43:43.843 [INFO] [     a.m.r.a.Aspects: 46] - stack: [] Detail: Clear
[m[32m05-23 00:43:43.844 [INFO] [     a.m.r.a.Aspects: 56] - result stack: []
[m[32m05-23 00:43:43.844 [INFO] [     a.m.r.a.Aspects: 57] - =============+[Calculation Finished]+===============
[m[32m05-23 00:43:46.273 [INFO] [     a.m.r.a.Aspects: 27] - =============+[Start Calculating]+===============
[m[32m05-23 00:43:46.274 [INFO] [     a.m.r.a.Aspects: 28] - stack: []
[m[32m05-23 00:43:46.274 [INFO] [     a.m.r.a.Aspects: 51] - stack: [1] Detail: Push
[m[32m05-23 00:43:46.275 [INFO] [     a.m.r.a.Aspects: 51] - stack: [1 2] Detail: Push
[m[32m05-23 00:43:46.275 [INFO] [     a.m.r.a.Aspects: 51] - stack: [1 2 3] Detail: Push
[m[32m05-23 00:43:46.276 [INFO] [     a.m.r.a.Aspects: 36] - stack: [1] Detail: 2 Multiply 3
[m[32m05-23 00:43:46.276 [INFO] [     a.m.r.a.Aspects: 51] - stack: [1 6] Detail: Push
[m[32m05-23 00:43:46.276 [INFO] [     a.m.r.a.Aspects: 51] - stack: [1 6 5] Detail: Push
[m[32m05-23 00:43:46.276 [INFO] [     a.m.r.a.Aspects: 36] - stack: [1] Detail: 6 Add 5
[m[32m05-23 00:43:46.277 [INFO] [     a.m.r.a.Aspects: 51] - stack: [1 11] Detail: Push
[m[32m05-23 00:43:46.278 [INFO] [     a.m.r.a.Aspects: 36] - stack: [] Detail: 1 Multiply 11
[m[32m05-23 00:43:46.278 [INFO] [     a.m.r.a.Aspects: 51] - stack: [11] Detail: Push
[m[34m05-23 00:43:46.279 [WARN] [     a.m.r.a.Aspects: 63] - operator * (position: 15): insufficient operands
[m[34m05-23 00:43:46.279 [WARN] [     a.m.r.a.Aspects: 64] - stack: [11]
[m[34m05-23 00:43:46.279 [WARN] [     a.m.r.a.Aspects: 65] - =============+[Calculation Finished with error]+===============
[m[32m05-23 00:43:48.954 [INFO] [     a.m.r.a.Aspects: 27] - =============+[Start Calculating]+===============
[m[32m05-23 00:43:48.954 [INFO] [     a.m.r.a.Aspects: 28] - stack: [11]
[m[32m05-23 00:43:48.955 [INFO] [     a.m.r.a.Aspects: 51] - stack: [11 1] Detail: Push
[m[32m05-23 00:43:48.955 [INFO] [     a.m.r.a.Aspects: 56] - result stack: [11 1]
[m[32m05-23 00:43:48.956 [INFO] [     a.m.r.a.Aspects: 57] - =============+[Calculation Finished]+===============
[m[32m05-23 00:48:23.550 [INFO] [igApplicationContext:993] - Closing org.springframework.context.annotation.AnnotationConfigApplicationContext@35b7565b: startup date [Wed May 23 00:40:14 CST 2018]; root of context hierarchy
[m[32m05-23 00:55:52.170 [INFO] [tContextBootstrapper:308] - Neither @ContextConfiguration nor @ContextHierarchy found for test class [app.mcgg.rpn.RpnApplicationTests], using SpringBootContextLoader
[m[32m05-23 00:55:52.180 [INFO] [bstractContextLoader:264] - Could not detect default resource locations for test class [app.mcgg.rpn.RpnApplicationTests]: no resource found for suffixes {-context.xml, Context.groovy}.
[m[32m05-23 00:55:52.181 [INFO] [igContextLoaderUtils: 83] - Could not detect default configuration classes for test class [app.mcgg.rpn.RpnApplicationTests]: RpnApplicationTests does not declare any static, non-private, non-final, nested classes annotated with @Configuration.
[m[32m05-23 00:55:52.281 [INFO] [tContextBootstrapper:244] - Found @SpringBootConfiguration app.mcgg.rpn.RpnApplication for test class app.mcgg.rpn.RpnApplicationTests
[m[32m05-23 00:55:52.371 [INFO] [tContextBootstrapper:248] - Loaded default TestExecutionListener class names from location [META-INF/spring.factories]: [org.springframework.boot.test.mock.mockito.MockitoTestExecutionListener, org.springframework.boot.test.mock.mockito.ResetMocksTestExecutionListener, org.springframework.boot.test.autoconfigure.restdocs.RestDocsTestExecutionListener, org.springframework.boot.test.autoconfigure.web.client.MockRestServiceServerResetTestExecutionListener, org.springframework.boot.test.autoconfigure.web.servlet.MockMvcPrintOnlyOnFailureTestExecutionListener, org.springframework.boot.test.autoconfigure.web.servlet.WebDriverTestExecutionListener, org.springframework.test.context.web.ServletTestExecutionListener, org.springframework.test.context.support.DirtiesContextBeforeModesTestExecutionListener, org.springframework.test.context.support.DependencyInjectionTestExecutionListener, org.springframework.test.context.support.DirtiesContextTestExecutionListener, org.springframework.test.context.transaction.TransactionalTestExecutionListener, org.springframework.test.context.jdbc.SqlScriptsTestExecutionListener]
[m[32m05-23 00:55:52.383 [INFO] [tContextBootstrapper:177] - Using TestExecutionListeners: [org.springframework.test.context.support.DirtiesContextBeforeModesTestExecutionListener@acb0951, org.springframework.boot.test.mock.mockito.MockitoTestExecutionListener@5bf22f18, org.springframework.boot.test.autoconfigure.SpringBootDependencyInjectionTestExecutionListener@267f474e, org.springframework.test.context.support.DirtiesContextTestExecutionListener@7a7471ce, org.springframework.boot.test.mock.mockito.ResetMocksTestExecutionListener@28276e50, org.springframework.boot.test.autoconfigure.restdocs.RestDocsTestExecutionListener@62e70ea3, org.springframework.boot.test.autoconfigure.web.client.MockRestServiceServerResetTestExecutionListener@3efe7086, org.springframework.boot.test.autoconfigure.web.servlet.MockMvcPrintOnlyOnFailureTestExecutionListener@675d8c96, org.springframework.boot.test.autoconfigure.web.servlet.WebDriverTestExecutionListener@741b3bc3]
[m[32m05-23 00:55:52.628 [INFO] [.RpnApplicationTests: 50] - Starting RpnApplicationTests on m.local with PID 26055 (started by mcgg in /Users/mcgg/IdeaProjects/rpn)
[m[32m05-23 00:55:52.629 [INFO] [.RpnApplicationTests:659] - No active profile set, falling back to default profiles: default
[m[32m05-23 00:55:52.650 [INFO] [igApplicationContext:590] - Refreshing org.springframework.context.annotation.AnnotationConfigApplicationContext@29539e36: startup date [Wed May 23 00:55:52 CST 2018]; root of context hierarchy
[m[32m05-23 00:55:53.455 [INFO] [.RpnApplicationTests: 59] - Started RpnApplicationTests in 1.037 seconds (JVM running for 7.218)
[m[32m05-23 00:55:56.014 [INFO] [igApplicationContext:993] - Closing org.springframework.context.annotation.AnnotationConfigApplicationContext@29539e36: startup date [Wed May 23 00:55:52 CST 2018]; root of context hierarchy
[m